#
# A fatal error has been detected by the Java Runtime Environment:
#
#  SIGSEGV (0xb) at pc=0x0045064e, pid=5090, tid=1963391856
#
# JRE version: 6.0_22-b22
# Java VM: OpenJDK Server VM (20.0-b11 mixed mode linux-x86 )
# Derivative: IcedTea6 1.10.6
# Distribution: Ubuntu 11.04, package 6b22-1.10.6-0ubuntu1
# Problematic frame:
# 
[error occurred during error reporting (printing problematic frame), id 0xb]

# If you would like to submit a bug report, please include
# instructions how to reproduce the bug and visit:
#   https://bugs.launchpad.net/ubuntu/+source/openjdk-6/
#

---------------  T H R E A D  ---------------

Current thread (0x7529b000):  VMThread [stack: 0x74fef000,0x75070000] [id=5102]

siginfo:si_signo=SIGSEGV: si_errno=0, si_code=1 (SEGV_MAPERR), si_addr=0x00001a28

Registers:
EAX=0x00001a28, EBX=0x00451afc, ECX=0x00000000, EDX=0x00451a40
ESP=0x7506ecd0, EBP=0x7506ecd8, ESI=0x0000000b, EDI=0x747be4d8
EIP=0x0045064e, EFLAGS=0x00210246, CR2=0x00001a28

Top of Stack: (sp=0x7506ecd0)
0x7506ecd0:   009ecff4 00451afc 7506ece8 00450953
0x7506ece0:   00450945 004d2ff4 7506ee28 004c4c3d
0x7506ecf0:   004d34e4 00000000 7506ee38 01062fe1
0x7506ed00:   004d3918 004d3c08 b77bf2e0 08bae410
0x7506ed10:   08bae6b8 08bae990 08bb1da8 74a9c2f0
0x7506ed20:   74a9c598 b77d3cd8 74ae28c8 747be4d8
0x7506ed30:   747cdf50 747ce488 747ce1e8 74a90848
0x7506ed40:   74a91768 74a914c0 74a91210 74a3b638 

Instructions: (pc=0x0045064e)
0x0045062e:   83 20 00 00 00 89 04 24 e8 95 ff ff ff eb 0b 83
0x0045063e:   c0 04 89 83 24 00 00 00 ff d2 8b 83 24 00 00 00
0x0045064e:   8b 10 85 d2 75 e9 c6 83 28 00 00 00 01 83 c4 04
0x0045065e:   5b 5d c3 55 89 e5 53 83 ec 04 e8 97 ff ff ff 81 

Register to memory mapping:

EAX=0x00001a28 is an unknown value
EBX=
[error occurred during error reporting (printing register info), id 0xb]

Stack: [0x74fef000,0x75070000],  sp=0x7506ecd0,  free space=511k
Native frames: (J=compiled Java code, j=interpreted, Vv=VM code, C=native code)

[error occurred during error reporting (printing native stack), id 0xb]

VM_Operation (0x746feb74): Exit, mode: safepoint, requested by thread 0x08c54800


---------------  P R O C E S S  ---------------

Java Threads: ( => current thread )
  0x08c54800 JavaThread "SIGTERM handler" daemon [_thread_blocked, id=8160, stack(0x746af000,0x74700000)]
  0x08d3b000 JavaThread "AWT-EventQueue-0" [_thread_blocked, id=5120, stack(0x745bc000,0x7460d000)]
  0x747a6800 JavaThread "AWT-Shutdown" [_thread_blocked, id=5118, stack(0x7465e000,0x746af000)]
  0x74767800 JavaThread "AWT-XAWT" daemon [_thread_blocked, id=5111, stack(0x7484e000,0x7489f000)]
  0x74ab0400 JavaThread "Java2D Disposer" daemon [_thread_blocked, id=5110, stack(0x74957000,0x749a8000)]
  0x752b5400 JavaThread "Low Memory Detector" daemon [_thread_blocked, id=5108, stack(0x74ba9000,0x74bfa000)]
  0x752b3800 JavaThread "C2 CompilerThread1" daemon [_thread_blocked, id=5107, stack(0x74bfa000,0x74c7b000)]
  0x752b1800 JavaThread "C2 CompilerThread0" daemon [_thread_blocked, id=5106, stack(0x74c7b000,0x74cfc000)]
  0x752b0000 JavaThread "Signal Dispatcher" daemon [_thread_blocked, id=5105, stack(0x74cfc000,0x74d4d000)]
  0x752a0800 JavaThread "Finalizer" daemon [_thread_blocked, id=5104, stack(0x74f4d000,0x74f9e000)]
  0x7529f000 JavaThread "Reference Handler" daemon [_thread_blocked, id=5103, stack(0x74f9e000,0x74fef000)]
  0x08baf000 JavaThread "main" [_thread_blocked, id=5097, stack(0xb776c000,0xb77bd000)]

Other Threads:
=>0x7529b000 VMThread [stack: 0x74fef000,0x75070000] [id=5102]

VM state:at safepoint (shutting down)

VM Mutex/Monitor currently owned by a thread:  ([mutex/lock_event])
[0x08bace88] Threads_lock - owner thread: 0x7529b000

Heap
 PSYoungGen      total 16384K, used 9294K [0xa2200000, 0xa4200000, 0xb46a0000)
  eden space 14080K, 49% used [0xa2200000,0xa28d4e88,0xa2fc0000)
  from space 2304K, 99% used [0xa3200000,0xa343eb28,0xa3440000)
  to   space 2304K, 0% used [0xa2fc0000,0xa2fc0000,0xa3200000)
 PSOldGen        total 37504K, used 3097K [0x7d8a0000, 0x7fd40000, 0xa2200000)
  object space 37504K, 8% used [0x7d8a0000,0x7dba6578,0x7fd40000)
 PSPermGen       total 16384K, used 12997K [0x758a0000, 0x768a0000, 0x7d8a0000)
  object space 16384K, 79% used [0x758a0000,0x765514b8,0x768a0000)

Code Cache  [0xb476c000, 0xb49ac000, 0xb776c000)
 total_blobs=592 nmethods=171 adapters=376 free_code_cache=49556480 largest_free_block=14528

Dynamic libraries:
00110000-00123000 r-xp 00000000 08:06 263060     /lib/i386-linux-gnu/libz.so.1.2.3.4
00123000-00124000 r--p 00012000 08:06 263060     /lib/i386-linux-gnu/libz.so.1.2.3.4
00124000-00125000 rw-p 00013000 08:06 263060     /lib/i386-linux-gnu/libz.so.1.2.3.4
00125000-00204000 r-xp 00000000 08:06 3807592    /usr/lib/i386-linux-gnu/libstdc++.so.6.0.14
00204000-00208000 r--p 000de000 08:06 3807592    /usr/lib/i386-linux-gnu/libstdc++.so.6.0.14
00208000-00209000 rw-p 000e2000 08:06 3807592    /usr/lib/i386-linux-gnu/libstdc++.so.6.0.14
00209000-00210000 rw-p 00000000 00:00 0 
00210000-00234000 r-xp 00000000 08:06 263014     /lib/i386-linux-gnu/libm-2.13.so
00234000-00235000 r--p 00023000 08:06 263014     /lib/i386-linux-gnu/libm-2.13.so
00235000-00236000 rw-p 00024000 08:06 263014     /lib/i386-linux-gnu/libm-2.13.so
00236000-00250000 r-xp 00000000 08:06 263005     /lib/i386-linux-gnu/libgcc_s.so.1
00250000-00251000 r--p 00019000 08:06 263005     /lib/i386-linux-gnu/libgcc_s.so.1
00251000-00252000 rw-p 0001a000 08:06 263005     /lib/i386-linux-gnu/libgcc_s.so.1
00252000-00259000 r-xp 00000000 08:06 263046     /lib/i386-linux-gnu/librt-2.13.so
00259000-0025a000 r--p 00006000 08:06 263046     /lib/i386-linux-gnu/librt-2.13.so
0025a000-0025b000 rw-p 00007000 08:06 263046     /lib/i386-linux-gnu/librt-2.13.so
0025b000-00266000 r-xp 00000000 08:06 6561965    /usr/lib/jvm/java-6-openjdk/jre/lib/i386/libverify.so
00266000-00267000 ---p 0000b000 08:06 6561965    /usr/lib/jvm/java-6-openjdk/jre/lib/i386/libverify.so
00267000-00268000 r--p 0000b000 08:06 6561965    /usr/lib/jvm/java-6-openjdk/jre/lib/i386/libverify.so
00268000-00269000 rw-p 0000c000 08:06 6561965    /usr/lib/jvm/java-6-openjdk/jre/lib/i386/libverify.so
00269000-0028c000 r-xp 00000000 08:06 6561881    /usr/lib/jvm/java-6-openjdk/jre/lib/i386/libjava.so
0028c000-0028d000 r--p 00022000 08:06 6561881    /usr/lib/jvm/java-6-openjdk/jre/lib/i386/libjava.so
0028d000-0028f000 rw-p 00023000 08:06 6561881    /usr/lib/jvm/java-6-openjdk/jre/lib/i386/libjava.so
0028f000-002a2000 r-xp 00000000 08:06 263017     /lib/i386-linux-gnu/libnsl-2.13.so
002a2000-002a3000 r--p 00012000 08:06 263017     /lib/i386-linux-gnu/libnsl-2.13.so
002a3000-002a4000 rw-p 00013000 08:06 263017     /lib/i386-linux-gnu/libnsl-2.13.so
002a4000-002a6000 rw-p 00000000 00:00 0 
002a6000-002ac000 r-xp 00000000 08:06 263019     /lib/i386-linux-gnu/libnss_compat-2.13.so
002ac000-002ad000 r--p 00005000 08:06 263019     /lib/i386-linux-gnu/libnss_compat-2.13.so
002ad000-002ae000 rw-p 00006000 08:06 263019     /lib/i386-linux-gnu/libnss_compat-2.13.so
002ae000-002b8000 r-xp 00000000 08:06 263023     /lib/i386-linux-gnu/libnss_files-2.13.so
002b8000-002b9000 r--p 00009000 08:06 263023     /lib/i386-linux-gnu/libnss_files-2.13.so
002b9000-002ba000 rw-p 0000a000 08:06 263023     /lib/i386-linux-gnu/libnss_files-2.13.so
002ba000-002c0000 r-xp 00000000 08:06 6561966    /usr/lib/jvm/java-6-openjdk/jre/lib/i386/libzip.so
002c0000-002c1000 r--p 00005000 08:06 6561966    /usr/lib/jvm/java-6-openjdk/jre/lib/i386/libzip.so
002c1000-002c2000 rw-p 00006000 08:06 6561966    /usr/lib/jvm/java-6-openjdk/jre/lib/i386/libzip.so
002c2000-0034b000 r-xp 00000000 08:06 6561872    /usr/lib/jvm/java-6-openjdk/jre/lib/i386/libawt.so
0034b000-0034c000 r--p 00088000 08:06 6561872    /usr/lib/jvm/java-6-openjdk/jre/lib/i386/libawt.so
0034c000-00353000 rw-p 00089000 08:06 6561872    /usr/lib/jvm/java-6-openjdk/jre/lib/i386/libawt.so
00353000-00377000 rw-p 00000000 00:00 0 
00377000-003ba000 r-xp 00000000 08:06 6561163    /usr/lib/jvm/java-6-openjdk/jre/lib/i386/xawt/libmawt.so
003ba000-003bb000 r--p 00042000 08:06 6561163    /usr/lib/jvm/java-6-openjdk/jre/lib/i386/xawt/libmawt.so
003bb000-003bd000 rw-p 00043000 08:06 6561163    /usr/lib/jvm/java-6-openjdk/jre/lib/i386/xawt/libmawt.so
003bd000-003be000 rw-p 00000000 00:00 0 
003be000-003cb000 r-xp 00000000 08:06 3807471    /usr/lib/i386-linux-gnu/libXext.so.6.4.0
003cb000-003cc000 r--p 0000c000 08:06 3807471    /usr/lib/i386-linux-gnu/libXext.so.6.4.0
003cc000-003cd000 rw-p 0000d000 08:06 3807471    /usr/lib/i386-linux-gnu/libXext.so.6.4.0
003cd000-003d5000 r-xp 00000000 08:06 3807483    /usr/lib/i386-linux-gnu/libXrender.so.1.3.0
003d5000-003d6000 r--p 00007000 08:06 3807483    /usr/lib/i386-linux-gnu/libXrender.so.1.3.0
003d6000-003d7000 rw-p 00008000 08:06 3807483    /usr/lib/i386-linux-gnu/libXrender.so.1.3.0
003d7000-003db000 r-xp 00000000 08:06 3804754    /usr/lib/libXtst.so.6.1.0
003db000-003dc000 r--p 00003000 08:06 3804754    /usr/lib/libXtst.so.6.1.0
003dc000-003dd000 rw-p 00004000 08:06 3804754    /usr/lib/libXtst.so.6.1.0
003dd000-003ea000 r-xp 00000000 08:06 3807477    /usr/lib/i386-linux-gnu/libXi.so.6.1.0
003ea000-003eb000 r--p 0000c000 08:06 3807477    /usr/lib/i386-linux-gnu/libXi.so.6.1.0
003eb000-003ec000 rw-p 0000d000 08:06 3807477    /usr/lib/i386-linux-gnu/libXi.so.6.1.0
003ec000-00403000 r-xp 00000000 08:06 3807609    /usr/lib/i386-linux-gnu/libxcb.so.1.1.0
00403000-00404000 r--p 00016000 08:06 3807609    /usr/lib/i386-linux-gnu/libxcb.so.1.1.0
00404000-00405000 rw-p 00017000 08:06 3807609    /usr/lib/i386-linux-gnu/libxcb.so.1.1.0
00405000-00407000 r-xp 00000000 08:06 3807461    /usr/lib/i386-linux-gnu/libXau.so.6.0.0
00407000-00408000 r--p 00001000 08:06 3807461    /usr/lib/i386-linux-gnu/libXau.so.6.0.0
00408000-00409000 rw-p 00002000 08:06 3807461    /usr/lib/i386-linux-gnu/libXau.so.6.0.0
00409000-0040d000 r-xp 00000000 08:06 3807469    /usr/lib/i386-linux-gnu/libXdmcp.so.6.0.0
0040d000-0040e000 r--p 00003000 08:06 3807469    /usr/lib/i386-linux-gnu/libXdmcp.so.6.0.0
0040e000-0040f000 rw-p 00004000 08:06 3807469    /usr/lib/i386-linux-gnu/libXdmcp.so.6.0.0
0040f000-00447000 r-xp 00000000 08:06 6561874    /usr/lib/jvm/java-6-openjdk/jre/lib/i386/libfontmanager.so
00447000-00448000 ---p 00038000 08:06 6561874    /usr/lib/jvm/java-6-openjdk/jre/lib/i386/libfontmanager.so
00448000-00449000 r--p 00038000 08:06 6561874    /usr/lib/jvm/java-6-openjdk/jre/lib/i386/libfontmanager.so
00449000-0044a000 rw-p 00039000 08:06 6561874    /usr/lib/jvm/java-6-openjdk/jre/lib/i386/libfontmanager.so
0044a000-0044e000 r-xp 00000000 08:06 3807473    /usr/lib/i386-linux-gnu/libXfixes.so.3.1.0
0044e000-0044f000 r--p 00003000 08:06 3807473    /usr/lib/i386-linux-gnu/libXfixes.so.3.1.0
0044f000-00450000 rw-p 00004000 08:06 3807473    /usr/lib/i386-linux-gnu/libXfixes.so.3.1.0
00450000-00451000 r-xp 00000000 08:06 6690406    /home/ayvercru/workspace/MT4j/libgluegen-rt.so
00451000-00452000 rw-p 00000000 08:06 6690406    /home/ayvercru/workspace/MT4j/libgluegen-rt.so
00452000-0049b000 r-xp 00000000 08:06 3803908    /usr/lib/mesa/libGL.so.1.2
0049b000-0049c000 ---p 00049000 08:06 3803908    /usr/lib/mesa/libGL.so.1.2
0049c000-004a1000 r--p 00049000 08:06 3803908    /usr/lib/mesa/libGL.so.1.2
004a1000-004a7000 rwxp 0004e000 08:06 3803908    /usr/lib/mesa/libGL.so.1.2
004a7000-004a8000 rwxp 00000000 00:00 0 
004a8000-004aa000 r-xp 00000000 08:06 3807467    /usr/lib/i386-linux-gnu/libXdamage.so.1.1.0
004aa000-004ab000 r--p 00001000 08:06 3807467    /usr/lib/i386-linux-gnu/libXdamage.so.1.1.0
004ab000-004ac000 rw-p 00002000 08:06 3807467    /usr/lib/i386-linux-gnu/libXdamage.so.1.1.0
004ac000-004b0000 r-xp 00000000 08:06 3807487    /usr/lib/i386-linux-gnu/libXxf86vm.so.1.0.0
004b0000-004b1000 r--p 00003000 08:06 3807487    /usr/lib/i386-linux-gnu/libXxf86vm.so.1.0.0
004b1000-004b2000 rw-p 00004000 08:06 3807487    /usr/lib/i386-linux-gnu/libXxf86vm.so.1.0.0
004b2000-004b3000 r-xp 00000000 08:06 6690411    /home/ayvercru/workspace/MT4j/libjogl_awt.so
004b3000-004b4000 rw-p 00000000 08:06 6690411    /home/ayvercru/workspace/MT4j/libjogl_awt.so
004b4000-004b5000 rwxp 00000000 00:00 0 
004b6000-004d2000 r-xp 00000000 08:06 262964     /lib/i386-linux-gnu/ld-2.13.so
004d2000-004d3000 r--p 0001b000 08:06 262964     /lib/i386-linux-gnu/ld-2.13.so
004d3000-004d4000 rw-p 0001c000 08:06 262964     /lib/i386-linux-gnu/ld-2.13.so
004d4000-005ea000 r-xp 00000000 08:06 3807459    /usr/lib/i386-linux-gnu/libX11.so.6.3.0
005ea000-005eb000 ---p 00116000 08:06 3807459    /usr/lib/i386-linux-gnu/libX11.so.6.3.0
005eb000-005ec000 r--p 00116000 08:06 3807459    /usr/lib/i386-linux-gnu/libX11.so.6.3.0
005ec000-005ee000 rw-p 00117000 08:06 3807459    /usr/lib/i386-linux-gnu/libX11.so.6.3.0
005ee000-005ef000 rw-p 00000000 00:00 0 
005ef000-00670000 r-xp 00000000 08:06 3806400    /usr/lib/i386-linux-gnu/libfreetype.so.6.6.2
00670000-00674000 r--p 00080000 08:06 3806400    /usr/lib/i386-linux-gnu/libfreetype.so.6.6.2
00674000-00675000 rw-p 00084000 08:06 3806400    /usr/lib/i386-linux-gnu/libfreetype.so.6.6.2
00675000-0067d000 r-xp 00000000 08:06 262990     /lib/i386-linux-gnu/libdrm.so.2.4.0
0067d000-0067e000 r--p 00007000 08:06 262990     /lib/i386-linux-gnu/libdrm.so.2.4.0
0067e000-0067f000 rw-p 00008000 08:06 262990     /lib/i386-linux-gnu/libdrm.so.2.4.0
0067f000-006a5000 r-xp 00000000 08:06 263000     /lib/i386-linux-gnu/libexpat.so.1.5.2
006a5000-006a6000 ---p 00026000 08:06 263000     /lib/i386-linux-gnu/libexpat.so.1.5.2
006a6000-006a8000 r--p 00026000 08:06 263000     /lib/i386-linux-gnu/libexpat.so.1.5.2
006a8000-006a9000 rw-p 00028000 08:06 263000     /lib/i386-linux-gnu/libexpat.so.1.5.2
006a9000-006bc000 r-xp 00000000 08:06 6561891    /usr/lib/jvm/java-6-openjdk/jre/lib/i386/libnet.so
006bc000-006bd000 r--p 00013000 08:06 6561891    /usr/lib/jvm/java-6-openjdk/jre/lib/i386/libnet.so
006bd000-006be000 rw-p 00014000 08:06 6561891    /usr/lib/jvm/java-6-openjdk/jre/lib/i386/libnet.so
006e0000-0083a000 r-xp 00000000 08:06 262977     /lib/i386-linux-gnu/libc-2.13.so
0083a000-0083b000 ---p 0015a000 08:06 262977     /lib/i386-linux-gnu/libc-2.13.so
0083b000-0083d000 r--p 0015a000 08:06 262977     /lib/i386-linux-gnu/libc-2.13.so
0083d000-0083e000 rw-p 0015c000 08:06 262977     /lib/i386-linux-gnu/libc-2.13.so
0083e000-00841000 rw-p 00000000 00:00 0 
00867000-00870000 r-xp 00000000 08:06 263027     /lib/i386-linux-gnu/libnss_nis-2.13.so
00870000-00871000 r--p 00008000 08:06 263027     /lib/i386-linux-gnu/libnss_nis-2.13.so
00871000-00872000 rw-p 00009000 08:06 263027     /lib/i386-linux-gnu/libnss_nis-2.13.so
0091a000-0091d000 r-xp 00000000 08:06 6561157    /usr/lib/jvm/java-6-openjdk/jre/lib/i386/jli/libjli.so
0091d000-0091e000 r--p 00002000 08:06 6561157    /usr/lib/jvm/java-6-openjdk/jre/lib/i386/jli/libjli.so
0091e000-0091f000 rw-p 00003000 08:06 6561157    /usr/lib/jvm/java-6-openjdk/jre/lib/i386/jli/libjli.so
00966000-00967000 r-xp 00000000 00:00 0          [vdso]
0098b000-0098c000 r-xp 00000000 08:06 6561883    /usr/lib/jvm/java-6-openjdk/jre/lib/i386/libjawt.so
0098c000-0098d000 r--p 00000000 08:06 6561883    /usr/lib/jvm/java-6-openjdk/jre/lib/i386/libjawt.so
0098d000-0098e000 rw-p 00001000 08:06 6561883    /usr/lib/jvm/java-6-openjdk/jre/lib/i386/libjawt.so
00990000-009a5000 r-xp 00000000 08:06 263042     /lib/i386-linux-gnu/libpthread-2.13.so
009a5000-009a6000 r--p 00015000 08:06 263042     /lib/i386-linux-gnu/libpthread-2.13.so
009a6000-009a7000 rw-p 00016000 08:06 263042     /lib/i386-linux-gnu/libpthread-2.13.so
009a7000-009a9000 rw-p 00000000 00:00 0 
009e4000-009ec000 r-xp 00000000 08:06 3807465    /usr/lib/i386-linux-gnu/libXcursor.so.1.0.2
009ec000-009ed000 r--p 00007000 08:06 3807465    /usr/lib/i386-linux-gnu/libXcursor.so.1.0.2
009ed000-009ee000 rw-p 00008000 08:06 3807465    /usr/lib/i386-linux-gnu/libXcursor.so.1.0.2
00a48000-00a4a000 r-xp 00000000 08:06 262987     /lib/i386-linux-gnu/libdl-2.13.so
00a4a000-00a4b000 r--p 00001000 08:06 262987     /lib/i386-linux-gnu/libdl-2.13.so
00a4b000-00a4c000 rw-p 00002000 08:06 262987     /lib/i386-linux-gnu/libdl-2.13.so
00a4c000-01113000 r-xp 00000000 08:06 6690229    /usr/lib/jvm/java-6-openjdk/jre/lib/i386/server/libjvm.so
01113000-01158000 r--p 006c6000 08:06 6690229    /usr/lib/jvm/java-6-openjdk/jre/lib/i386/server/libjvm.so
01158000-01167000 rw-p 0070b000 08:06 6690229    /usr/lib/jvm/java-6-openjdk/jre/lib/i386/server/libjvm.so
01167000-01581000 rw-p 00000000 00:00 0 
01836000-01b28000 r-xp 00000000 08:06 3818796    /usr/lib/dri/r600_dri.so
01b28000-01b36000 r--p 002f1000 08:06 3818796    /usr/lib/dri/r600_dri.so
01b36000-01b3b000 rw-p 002ff000 08:06 3818796    /usr/lib/dri/r600_dri.so
01b3b000-01b89000 rw-p 00000000 00:00 0 
03273000-0335d000 r-xp 00000000 08:06 3818803    /usr/lib/dri/libglsl.so
0335d000-03361000 r--p 000ea000 08:06 3818803    /usr/lib/dri/libglsl.so
03361000-03362000 rw-p 000ee000 08:06 3818803    /usr/lib/dri/libglsl.so
03362000-03363000 rw-p 00000000 00:00 0 
05a66000-05c41000 r-xp 00000000 08:06 3818804    /usr/lib/dri/libdricore.so
05c41000-05c47000 r--p 001db000 08:06 3818804    /usr/lib/dri/libdricore.so
05c47000-05c49000 rw-p 001e1000 08:06 3818804    /usr/lib/dri/libdricore.so
05c49000-05c59000 rw-p 00000000 00:00 0 
062f9000-063d4000 r-xp 00000000 08:06 6690409    /home/ayvercru/workspace/MT4j/libjogl.so
063d4000-063d5000 rw-p 000da000 08:06 6690409    /home/ayvercru/workspace/MT4j/libjogl.so
08048000-08051000 r-xp 00000000 08:06 6427183    /usr/lib/jvm/java-6-openjdk/jre/bin/java
08051000-08052000 r--p 00008000 08:06 6427183    /usr/lib/jvm/java-6-openjdk/jre/bin/java
08052000-08053000 rw-p 00009000 08:06 6427183    /usr/lib/jvm/java-6-openjdk/jre/bin/java
08ba6000-0920f000 rw-p 00000000 00:00 0          [heap]
72d00000-72d4c000 rw-p 00000000 00:00 0 
72d4c000-72e00000 ---p 00000000 00:00 0 
72f00000-72fe2000 rw-p 00000000 00:00 0 
72fe2000-73000000 ---p 00000000 00:00 0 
73000000-730fa000 rw-p 00000000 00:00 0 
730fa000-73100000 ---p 00000000 00:00 0 
73100000-73200000 rw-p 00000000 00:00 0 
73200000-73300000 rw-p 00000000 00:00 0 
73338000-73340000 rw-s 1566d0000 00:05 8074      /dev/dri/card0
73340000-73348000 rw-s 1566c8000 00:05 8074      /dev/dri/card0
73348000-73350000 rw-s 1566c0000 00:05 8074      /dev/dri/card0
73350000-73358000 rw-s 1566b8000 00:05 8074      /dev/dri/card0
73358000-73360000 rw-s 1566b0000 00:05 8074      /dev/dri/card0
73360000-73368000 rw-s 1566a8000 00:05 8074      /dev/dri/card0
73368000-73370000 rw-s 1566a0000 00:05 8074      /dev/dri/card0
73370000-73378000 rw-s 156698000 00:05 8074      /dev/dri/card0
73378000-73380000 rw-s 155e26000 00:05 8074      /dev/dri/card0
73380000-73388000 rw-s 155e1e000 00:05 8074      /dev/dri/card0
73388000-73390000 rw-s 155e16000 00:05 8074      /dev/dri/card0
73390000-73398000 rw-s 155e0e000 00:05 8074      /dev/dri/card0
73398000-733a0000 rw-s 155e06000 00:05 8074      /dev/dri/card0
733a0000-733a8000 rw-s 155dfe000 00:05 8074      /dev/dri/card0
733a8000-733b0000 rw-s 155db6000 00:05 8074      /dev/dri/card0
733b0000-733b8000 rw-s 155dae000 00:05 8074      /dev/dri/card0
733b8000-733c0000 rw-s 155da6000 00:05 8074      /dev/dri/card0
733c0000-733c8000 rw-s 155d9e000 00:05 8074      /dev/dri/card0
733c8000-733d0000 rw-s 155d96000 00:05 8074      /dev/dri/card0
733d0000-733d8000 rw-s 155d8e000 00:05 8074      /dev/dri/card0
733d8000-733e0000 rw-s 155d86000 00:05 8074      /dev/dri/card0
733e0000-733e8000 rw-s 155d7e000 00:05 8074      /dev/dri/card0
733e8000-733f0000 rw-s 155d76000 00:05 8074      /dev/dri/card0
733f0000-733f8000 rw-s 155d6e000 00:05 8074      /dev/dri/card0
733f8000-73400000 rw-s 155d66000 00:05 8074      /dev/dri/card0
73400000-73600000 rw-p 00000000 00:00 0 
73600000-736ff000 rw-p 00000000 00:00 0 
736ff000-73700000 ---p 00000000 00:00 0 
73700000-73708000 rw-s 155df6000 00:05 8074      /dev/dri/card0
73708000-73710000 rw-s 155dee000 00:05 8074      /dev/dri/card0
73710000-73718000 rw-s 155de6000 00:05 8074      /dev/dri/card0
73718000-73720000 rw-s 155dde000 00:05 8074      /dev/dri/card0
73720000-73728000 rw-s 155dd6000 00:05 8074      /dev/dri/card0
73728000-73730000 rw-s 155dce000 00:05 8074      /dev/dri/card0
73730000-73738000 rw-s 155dc6000 00:05 8074      /dev/dri/card0
73738000-73740000 rw-s 155dbe000 00:05 8074      /dev/dri/card0
73740000-73748000 rw-s 155d5e000 00:05 8074      /dev/dri/card0
73748000-73750000 rw-s 155d56000 00:05 8074      /dev/dri/card0
73750000-73758000 rw-s 155d4e000 00:05 8074      /dev/dri/card0
73758000-73760000 rw-s 155d46000 00:05 8074      /dev/dri/card0
73760000-73768000 rw-s 155d3e000 00:05 8074      /dev/dri/card0
73768000-73770000 rw-s 155d36000 00:05 8074      /dev/dri/card0
73770000-73778000 rw-s 155d2e000 00:05 8074      /dev/dri/card0
73778000-73780000 rw-s 155d26000 00:05 8074      /dev/dri/card0
73780000-73788000 rw-s 155d1e000 00:05 8074      /dev/dri/card0
73788000-73790000 rw-s 155ecc000 00:05 8074      /dev/dri/card0
73790000-73b50000 rw-s 15751a000 00:05 8074      /dev/dri/card0
73b50000-73e50000 rw-s 15721a000 00:05 8074      /dev/dri/card0
73e50000-74000000 rw-p 00000000 00:00 0 
74000000-740ba000 rw-p 00000000 00:00 0 
740ba000-74100000 ---p 00000000 00:00 0 
74100000-741fe000 rw-p 00000000 00:00 0 
741fe000-74200000 ---p 00000000 00:00 0 
74200000-742ff000 rw-p 00000000 00:00 0 
742ff000-74300000 ---p 00000000 00:00 0 
74300000-743f1000 rw-p 00000000 00:00 0 
743f1000-74400000 ---p 00000000 00:00 0 
74400000-74500000 rw-p 00000000 00:00 0 
74504000-7450c000 rw-s 155ec4000 00:05 8074      /dev/dri/card0
7450c000-74514000 rw-s 155ebc000 00:05 8074      /dev/dri/card0
74514000-7451c000 rw-s 155eb4000 00:05 8074      /dev/dri/card0
7451c000-74524000 rw-s 155eac000 00:05 8074      /dev/dri/card0
74524000-7452c000 rw-s 155ea4000 00:05 8074      /dev/dri/card0
7452c000-74534000 rw-s 155e9c000 00:05 8074      /dev/dri/card0
74534000-7453c000 rw-s 155e94000 00:05 8074      /dev/dri/card0
7453c000-74544000 rw-s 155e8c000 00:05 8074      /dev/dri/card0
74544000-7454c000 rw-s 155e84000 00:05 8074      /dev/dri/card0
7454c000-74554000 rw-s 155e78000 00:05 8074      /dev/dri/card0
74554000-7455c000 rw-s 155e70000 00:05 8074      /dev/dri/card0
7455c000-74564000 rw-s 155e68000 00:05 8074      /dev/dri/card0
74564000-7456c000 rw-s 155e60000 00:05 8074      /dev/dri/card0
7456c000-74574000 rw-s 155e58000 00:05 8074      /dev/dri/card0
74574000-7457c000 rw-s 155ee7000 00:05 8074      /dev/dri/card0
7457c000-74584000 rw-s 155edf000 00:05 8074      /dev/dri/card0
74584000-7458c000 rw-s 155ed7000 00:05 8074      /dev/dri/card0
7458c000-74594000 rw-s 155e4e000 00:05 8074      /dev/dri/card0
74594000-7459c000 rw-s 155e46000 00:05 8074      /dev/dri/card0
7459c000-745a4000 rw-s 155e3e000 00:05 8074      /dev/dri/card0
745a4000-745ac000 rw-s 155e36000 00:05 8074      /dev/dri/card0
745ac000-745bc000 rw-s 155f20000 00:05 8074      /dev/dri/card0
745bc000-745bf000 ---p 00000000 00:00 0 
745bf000-7460d000 rw-p 00000000 00:00 0 
7460d000-74610000 ---p 00000000 00:00 0 
74610000-7465e000 rw-p 00000000 00:00 0 
7465e000-74661000 ---p 00000000 00:00 0 
74661000-746af000 rw-p 00000000 00:00 0 
746af000-746b2000 ---p 00000000 00:00 0 
746b2000-74700000 rw-p 00000000 00:00 0 
74700000-747fe000 rw-p 00000000 00:00 0 
747fe000-74800000 ---p 00000000 00:00 0 
74805000-74806000 rw-s 155f09000 00:05 8074      /dev/dri/card0
74806000-74807000 rw-s 155f08000 00:05 8074      /dev/dri/card0
74807000-74808000 rw-s 155f07000 00:05 8074      /dev/dri/card0
74808000-74809000 rw-s 155f06000 00:05 8074      /dev/dri/card0
74809000-7480a000 rw-s 155f30000 00:05 8074      /dev/dri/card0
7480a000-7480b000 rw-s 155f1f000 00:05 8074      /dev/dri/card0
7480b000-7480c000 rw-s 155f1e000 00:05 8074      /dev/dri/card0
7480c000-7480d000 rw-s 155f1d000 00:05 8074      /dev/dri/card0
7480d000-7480e000 rw-s 155f1c000 00:05 8074      /dev/dri/card0
7480e000-7480f000 rw-s 155f1b000 00:05 8074      /dev/dri/card0
7480f000-74810000 rw-s 155f1a000 00:05 8074      /dev/dri/card0
74810000-74811000 rw-s 155f19000 00:05 8074      /dev/dri/card0
74811000-74812000 rw-s 155f18000 00:05 8074      /dev/dri/card0
74812000-74813000 rw-s 155f17000 00:05 8074      /dev/dri/card0
74813000-74817000 rw-s 155f13000 00:05 8074      /dev/dri/card0
74817000-74818000 rw-s 155f12000 00:05 8074      /dev/dri/card0
74818000-74819000 rw-s 155f11000 00:05 8074      /dev/dri/card0
74819000-7481a000 r--s 00002000 08:06 6690419    /home/ayvercru/workspace/MT4j/mt4jLibs/GlulogicMT.jar
7481a000-7481c000 r--s 00002000 08:06 7743873    /home/ayvercru/workspace/MT4j/mt4jLibs/jogl/opengl.jar
7481c000-7481d000 r--s 00007000 08:06 7616755    /home/ayvercru/workspace/MT4j/mt4jLibs/gsvideo/gsvideo06pre.jar
7481d000-7482e000 r--s 00096000 08:06 7616754    /home/ayvercru/workspace/MT4j/mt4jLibs/gsvideo/gstreamer-java-bin-1.2.jar
7482e000-74831000 r--s 000ba000 08:06 7616756    /home/ayvercru/workspace/MT4j/mt4jLibs/gsvideo/jna-3.1.0.jar
74831000-74832000 r--s 00002000 08:06 8788026    /home/ayvercru/workspace/MT4j/examples/advanced/water/lib/waterScene.jar
74832000-74836000 r--s 00091000 08:06 8524501    /home/ayvercru/workspace/MT4j/examples/advanced/physics/lib/jbox2d.jar
74836000-74838000 r--s 00004000 08:06 7743864    /home/ayvercru/workspace/MT4j/mt4jLibs/jogl/gluegen-rt.jar
74838000-7483a000 r--s 0000c000 08:06 8392135    /home/ayvercru/workspace/MT4j/examples/advanced/modestMapsMT/lib/modestMaps.jar
7483a000-7483b000 r--s 00001000 08:06 8392120    /home/ayvercru/workspace/MT4j/examples/advanced/fluidSimulator/lib/MSAFluid.jar
7483b000-7483f000 r--s 0005e000 08:06 8392112    /home/ayvercru/workspace/MT4j/examples/advanced/flickrMT/lib/flickrj.jar
7483f000-74840000 r--s 00005000 08:06 7868040    /home/ayvercru/workspace/MT4j/mt4jLibs/tuio/libTUIO.jar
74840000-7484c000 r--s 0010f000 08:06 7743871    /home/ayvercru/workspace/MT4j/mt4jLibs/jogl/jogl.jar
7484c000-7484e000 r--s 00008000 08:06 8002908    /home/ayvercru/workspace/MT4j/mt4jLibs/whirlylib/whirlycache-1.0.1.jar
7484e000-74851000 ---p 00000000 00:00 0 
74851000-7489f000 rw-p 00000000 00:00 0 
7489f000-748a6000 r--s 000fb000 08:06 4728388    /usr/lib/jvm/java-6-openjdk/jre/lib/resources.jar
748a6000-748a7000 r--s 00000000 08:06 6826466    /var/cache/fontconfig/26de28bc8622bbc1fb67fd234c21975f-le32d4.cache-3
748a7000-748a8000 r--s 00000000 08:06 6815826    /var/cache/fontconfig/c05880de57d1f5e948fdfacc138775d9-le32d4.cache-3
748a8000-748ae000 r--s 00000000 08:06 6815823    /var/cache/fontconfig/945677eb7aeaf62f1d50efc3fb3ec7d8-le32d4.cache-3
748ae000-748b0000 r--s 00000000 08:06 6815824    /var/cache/fontconfig/99e8ed0e538f840c565b6ed5dad60d56-le32d4.cache-3
748b0000-748b3000 r--s 00000000 08:06 6815834    /var/cache/fontconfig/e383d7ea5fbe662a33d9b44caf393297-le32d4.cache-3
748b3000-748b8000 r--s 00000000 08:06 6826468    /var/cache/fontconfig/401a5dd6b567794a1d18dd9342dfa604-le32d4.cache-3
748b8000-748ba000 r--s 00000000 08:06 6815811    /var/cache/fontconfig/2cd17615ca594fa2959ae173292e504c-le32d4.cache-3
748ba000-748bb000 r--s 00000000 08:06 6815835    /var/cache/fontconfig/e7071f4a29fa870f4323321c154eba04-le32d4.cache-3
748bb000-748be000 r--s 00000000 08:06 6815820    /var/cache/fontconfig/6eb3985aa4124903f6ff08ba781cd364-le32d4.cache-3
748be000-748bf000 r--s 00000000 08:06 6815815    /var/cache/fontconfig/4c73fe0c47614734b17d736dbde7580a-le32d4.cache-3
748bf000-748c0000 r--s 00000000 08:06 6815808    /var/cache/fontconfig/0d8c3b2ac0904cb8a57a757ad11a4a08-le32d4.cache-3
748c0000-748c1000 r--s 00000000 08:06 6815818    /var/cache/fontconfig/6a53c69dea097a2d716e069445527da8-le32d4.cache-3
748c1000-748c5000 r--s 00000000 08:06 6815825    /var/cache/fontconfig/a755afe4a08bf5b97852ceb7400b47bc-le32d4.cache-3
748c5000-748c9000 r--s 00000000 08:06 6826384    /var/cache/fontconfig/515ca1ebc4b18308bea979be5704f9db-le32d4.cache-3
748c9000-748d0000 r--s 00000000 08:06 6829598    /var/cache/fontconfig/6d41288fd70b0be22e8c3a91e032eec0-le32d4.cache-3
748d0000-748db000 r--s 00000000 08:06 6815809    /var/cache/fontconfig/0f34bcd4b6ee430af32735b75db7f02b-le32d4.cache-3
748db000-748de000 r--s 00000000 08:06 6815831    /var/cache/fontconfig/d60319d88cac85ba9e1a07bd06cfbb8c-le32d4.cache-3
748de000-748df000 r--s 00000000 08:06 6829164    /var/cache/fontconfig/4794a0821666d79190d59a36cb4f44b5-le32d4.cache-3
748df000-748e7000 r--s 00000000 08:06 6815830    /var/cache/fontconfig/d52a8644073d54c13679302ca1180695-le32d4.cache-3
748e7000-748ef000 r--s 00000000 08:06 6826088    /var/cache/fontconfig/e13b20fdb08344e0e664864cc2ede53d-le32d4.cache-3
748ef000-748f2000 r--s 00000000 08:06 6826462    /var/cache/fontconfig/7ef2298fde41cc6eeb7af42e48b7d293-le32d4.cache-3
748f2000-74900000 r--s 00000000 08:06 6826090    /var/cache/fontconfig/865f88548240fee46819705c6468c165-le32d4.cache-3
74900000-74901000 r--s 00000000 08:06 6826466    /var/cache/fontconfig/26de28bc8622bbc1fb67fd234c21975f-le32d4.cache-3
74901000-74902000 r--s 00000000 08:06 6815826    /var/cache/fontconfig/c05880de57d1f5e948fdfacc138775d9-le32d4.cache-3
74902000-74908000 r--s 00000000 08:06 6815823    /var/cache/fontconfig/945677eb7aeaf62f1d50efc3fb3ec7d8-le32d4.cache-3
74908000-7490a000 r--s 00000000 08:06 6815824    /var/cache/fontconfig/99e8ed0e538f840c565b6ed5dad60d56-le32d4.cache-3
7490a000-7490d000 r--s 00000000 08:06 6815834    /var/cache/fontconfig/e383d7ea5fbe662a33d9b44caf393297-le32d4.cache-3
7490d000-74912000 r--s 00000000 08:06 6826468    /var/cache/fontconfig/401a5dd6b567794a1d18dd9342dfa604-le32d4.cache-3
74912000-74914000 r--s 00000000 08:06 6815811    /var/cache/fontconfig/2cd17615ca594fa2959ae173292e504c-le32d4.cache-3
74914000-74915000 r--s 00000000 08:06 6815835    /var/cache/fontconfig/e7071f4a29fa870f4323321c154eba04-le32d4.cache-3
74915000-74918000 r--s 00000000 08:06 6815820    /var/cache/fontconfig/6eb3985aa4124903f6ff08ba781cd364-le32d4.cache-3
74918000-74919000 r--s 00000000 08:06 6815815    /var/cache/fontconfig/4c73fe0c47614734b17d736dbde7580a-le32d4.cache-3
74919000-7491a000 r--s 00000000 08:06 6815808    /var/cache/fontconfig/0d8c3b2ac0904cb8a57a757ad11a4a08-le32d4.cache-3
7491a000-7491b000 r--s 00000000 08:06 6815818    /var/cache/fontconfig/6a53c69dea097a2d716e069445527da8-le32d4.cache-3
7491b000-7491f000 r--s 00000000 08:06 6815825    /var/cache/fontconfig/a755afe4a08bf5b97852ceb7400b47bc-le32d4.cache-3
7491f000-74923000 r--s 00000000 08:06 6826384    /var/cache/fontconfig/515ca1ebc4b18308bea979be5704f9db-le32d4.cache-3
74923000-7492a000 r--s 00000000 08:06 6829598    /var/cache/fontconfig/6d41288fd70b0be22e8c3a91e032eec0-le32d4.cache-3
7492a000-74935000 r--s 00000000 08:06 6815809    /var/cache/fontconfig/0f34bcd4b6ee430af32735b75db7f02b-le32d4.cache-3
74935000-74938000 r--s 00000000 08:06 6815831    /var/cache/fontconfig/d60319d88cac85ba9e1a07bd06cfbb8c-le32d4.cache-3
74938000-74939000 r--s 00000000 08:06 6829164    /var/cache/fontconfig/4794a0821666d79190d59a36cb4f44b5-le32d4.cache-3
74939000-74941000 r--s 00000000 08:06 6815830    /var/cache/fontconfig/d52a8644073d54c13679302ca1180695-le32d4.cache-3
74941000-74949000 r--s 00000000 08:06 6826088    /var/cache/fontconfig/e13b20fdb08344e0e664864cc2ede53d-le32d4.cache-3
74949000-74957000 r--s 00000000 08:06 6826090    /var/cache/fontconfig/865f88548240fee46819705c6468c165-le32d4.cache-3
74957000-7495a000 ---p 00000000 00:00 0 
7495a000-749a8000 rw-p 00000000 00:00 0 
749a8000-749b0000 r--s 0004f000 08:06 8002907    /home/ayvercru/workspace/MT4j/mt4jLibs/whirlylib/log4j-1.2.8.jar
749b0000-749b3000 r--s 0001b000 08:06 8002905    /home/ayvercru/workspace/MT4j/mt4jLibs/whirlylib/junit-3.8.1.jar
749b3000-749ba000 r--s 00029000 08:06 8002904    /home/ayvercru/workspace/MT4j/mt4jLibs/whirlylib/concurrent-1.3.4.jar
749ba000-749bb000 r--s 00007000 08:06 8002903    /home/ayvercru/workspace/MT4j/mt4jLibs/whirlylib/commons-logging.jar
749bb000-749c8000 r--s 0007c000 08:06 8002902    /home/ayvercru/workspace/MT4j/mt4jLibs/whirlylib/commons-collections-3.1.jar
749c8000-749cd000 r--s 00010000 08:06 6826820    /home/ayvercru/workspace/MT4j/mt4jLibs/batik/xml-apis-ext.jar
749cd000-749d5000 r--s 00028000 08:06 6826821    /home/ayvercru/workspace/MT4j/mt4jLibs/batik/xml-apis.jar
749d5000-749e0000 r--s 000ad000 08:06 6826813    /home/ayvercru/workspace/MT4j/mt4jLibs/batik/pdf-transcoder.jar
749e0000-749e8000 r--s 00074000 08:06 6826803    /home/ayvercru/workspace/MT4j/mt4jLibs/batik/js.jar
749e8000-749e9000 r--s 00007000 08:06 6826802    /home/ayvercru/workspace/MT4j/mt4jLibs/batik/batik-xml.jar
749e9000-749ec000 r--s 0001d000 08:06 6826801    /home/ayvercru/workspace/MT4j/mt4jLibs/batik/batik-util.jar
749ec000-749ee000 r--s 0001c000 08:06 6826800    /home/ayvercru/workspace/MT4j/mt4jLibs/batik/batik-transcoder.jar
749ee000-749f3000 r--s 00030000 08:06 6826799    /home/ayvercru/workspace/MT4j/mt4jLibs/batik/batik-svggen.jar
749f3000-74a00000 r--s 00087000 08:06 6826798    /home/ayvercru/workspace/MT4j/mt4jLibs/batik/batik-svg-dom.jar
74a00000-74afb000 rw-p 00000000 00:00 0 
74afb000-74b00000 ---p 00000000 00:00 0 
74b00000-74b01000 rw-s 155f10000 00:05 8074      /dev/dri/card0
74b01000-74b04000 r--s 00000000 08:06 6826462    /var/cache/fontconfig/7ef2298fde41cc6eeb7af42e48b7d293-le32d4.cache-3
74b04000-74b07000 r--s 0000d000 08:06 6826797    /home/ayvercru/workspace/MT4j/mt4jLibs/batik/batik-script.jar
74b07000-74b09000 r--s 00010000 08:06 6826796    /home/ayvercru/workspace/MT4j/mt4jLibs/batik/batik-parser.jar
74b09000-74b0d000 r--s 00038000 08:06 6826795    /home/ayvercru/workspace/MT4j/mt4jLibs/batik/batik-gvt.jar
74b0d000-74b0f000 r--s 0000f000 08:06 6826794    /home/ayvercru/workspace/MT4j/mt4jLibs/batik/batik-extension.jar
74b0f000-74b17000 r--s 00045000 08:06 6826791    /home/ayvercru/workspace/MT4j/mt4jLibs/batik/batik-css.jar
74b17000-74b21000 r--s 00080000 08:06 6826790    /home/ayvercru/workspace/MT4j/mt4jLibs/batik/batik-bridge.jar
74b21000-74b28000 r--s 0005c000 08:06 6826789    /home/ayvercru/workspace/MT4j/mt4jLibs/batik/batik-awt-util.jar
74b28000-74b29000 ---p 00000000 00:00 0 
74b29000-74ba9000 rw-p 00000000 00:00 0 
74ba9000-74bac000 ---p 00000000 00:00 0 
74bac000-74bfa000 rw-p 00000000 00:00 0 
74bfa000-74bfd000 ---p 00000000 00:00 0 
74bfd000-74c7b000 rw-p 00000000 00:00 0 
74c7b000-74c7e000 ---p 00000000 00:00 0 
74c7e000-74cfc000 rw-p 00000000 00:00 0 
74cfc000-74cff000 ---p 00000000 00:00 0 
74cff000-74d4d000 rw-p 00000000 00:00 0 
74d4d000-74f4d000 r--p 00000000 08:06 3808756    /usr/lib/locale/locale-archive
74f4d000-74f50000 ---p 00000000 00:00 0 
74f50000-74f9e000 rw-p 00000000 00:00 0 
74f9e000-74fa1000 ---p 00000000 00:00 0 
74fa1000-74fef000 rw-p 00000000 00:00 0 
74fef000-74ff0000 ---p 00000000 00:00 0 
74ff0000-75070000 rw-p 00000000 00:00 0 
75070000-75200000 r--s 037b3000 08:06 4725200    /usr/lib/jvm/java-6-openjdk/jre/lib/rt.jar
75200000-752fe000 rw-p 00000000 00:00 0 
752fe000-75300000 ---p 00000000 00:00 0 
75300000-75301000 rw-s 155f0f000 00:05 8074      /dev/dri/card0
75301000-75305000 r--s 00027000 08:06 6826792    /home/ayvercru/workspace/MT4j/mt4jLibs/batik/batik-dom.jar
75305000-75308000 r--s 00015000 08:06 6826788    /home/ayvercru/workspace/MT4j/mt4jLibs/batik/batik-anim.jar
75308000-7530a000 r--s 0000e000 08:06 6690425    /home/ayvercru/workspace/MT4j/mt4jLibs/muito_blobtracking.jar
7530a000-7530c000 r--s 00006000 08:06 6690424    /home/ayvercru/workspace/MT4j/mt4jLibs/mri.jar
7530c000-7533f000 rw-p 00000000 00:00 0 
7533f000-75340000 ---p 00000000 00:00 0 
75340000-753c0000 rw-p 00000000 00:00 0 
753c0000-753c1000 ---p 00000000 00:00 0 
753c1000-75441000 rw-p 00000000 00:00 0 
75441000-75442000 ---p 00000000 00:00 0 
75442000-754c2000 rw-p 00000000 00:00 0 
754c2000-754c3000 ---p 00000000 00:00 0 
754c3000-7554b000 rw-p 00000000 00:00 0 
7554b000-75583000 rw-p 00000000 00:00 0 
75583000-75596000 rw-p 00000000 00:00 0 
75596000-756a8000 rw-p 00000000 00:00 0 
756a8000-756b0000 rw-p 00000000 00:00 0 
756b0000-756e8000 rw-p 00000000 00:00 0 
756e8000-756fb000 rw-p 00000000 00:00 0 
756fb000-7580c000 rw-p 00000000 00:00 0 
7580c000-7581d000 rw-p 00000000 00:00 0 
7581d000-7589f000 rw-p 00000000 00:00 0 
7589f000-768a0000 rw-p 00000000 00:00 0 
768a0000-7d8a0000 rw-p 00000000 00:00 0 
7d8a0000-7fd40000 rw-p 00000000 00:00 0 
7fd40000-a2200000 rw-p 00000000 00:00 0 
a2200000-a4200000 rw-p 00000000 00:00 0 
a4200000-b46a0000 rw-p 00000000 00:00 0 
b46a0000-b46a1000 r--p 00000000 00:00 0 
b46a1000-b46a4000 r--s 0007d000 08:06 4728384    /usr/lib/jvm/java-6-openjdk/jre/lib/jsse.jar
b46a4000-b46ac000 r--s 00066000 08:06 4202000    /usr/share/java/gnome-java-bridge.jar
b46ac000-b46b5000 rw-p 00000000 00:00 0 
b46b5000-b476c000 rw-p 00000000 00:00 0 
b476c000-b49ac000 rwxp 00000000 00:00 0 
b49ac000-b776c000 rw-p 00000000 00:00 0 
b776c000-b776f000 ---p 00000000 00:00 0 
b776f000-b77c0000 rw-p 00000000 00:00 0 
b77c0000-b77c1000 r--s 00002000 08:06 6826793    /home/ayvercru/workspace/MT4j/mt4jLibs/batik/batik-ext.jar
b77c1000-b77c4000 r--s 0002e000 08:06 6690418    /home/ayvercru/workspace/MT4j/mt4jLibs/core.jar
b77c4000-b77c7000 r--s 0000f000 08:06 4852965    /usr/lib/jvm/java-6-openjdk/jre/lib/ext/pulse-java.jar
b77c7000-b77c8000 r--p 002a1000 08:06 3808756    /usr/lib/locale/locale-archive
b77c8000-b77d0000 rw-s 00000000 08:06 6427212    /tmp/hsperfdata_ayvercru/5090 (deleted)
b77d0000-b77d1000 rw-p 00000000 00:00 0 
b77d1000-b77d2000 ---p 00000000 00:00 0 
b77d2000-b77d4000 rw-p 00000000 00:00 0 
bfdc9000-bfdeb000 rw-p 00000000 00:00 0          [stack]

VM Arguments:
jvm_args: -Djava.library.path=/home/ayvercru/workspace/MT4j:/home/ayvercru/workspace/MT4j:/home/ayvercru/workspace/MT4j -Dfile.encoding=UTF-8 
java_command: advanced.physics.StartTiamat
Launcher Type: SUN_STANDARD

Environment Variables:
PATH=/usr/local/sbin:/usr/local/bin:/usr/sbin:/usr/bin:/sbin:/bin:/usr/games
USERNAME=ayvercru
LD_LIBRARY_PATH=/usr/lib/jvm/java-6-openjdk/jre/lib/i386/server:/usr/lib/jvm/java-6-openjdk/jre/lib/i386:/usr/lib/jvm/java-6-openjdk/jre/../lib/i386:/usr/lib/jvm/java-6-openjdk/jre/lib/i386/client:/usr/lib/jvm/java-6-openjdk/jre/lib/i386:/usr/lib/xulrunner-1.9.2.27:/usr/lib/xulrunner-1.9.2.27
SHELL=/bin/bash
DISPLAY=:0.0

Signal Handlers:
SIGSEGV: [libjvm.so+0x657420], sa_mask[0]=0x7ffbfeff, sa_flags=0x10000004
SIGBUS: [libjvm.so+0x657420], sa_mask[0]=0x7ffbfeff, sa_flags=0x10000004
SIGFPE: [libjvm.so+0x51d550], sa_mask[0]=0x7ffbfeff, sa_flags=0x10000004
SIGPIPE: [libjvm.so+0x51d550], sa_mask[0]=0x7ffbfeff, sa_flags=0x10000004
SIGXFSZ: [libjvm.so+0x51d550], sa_mask[0]=0x7ffbfeff, sa_flags=0x10000004
SIGILL: [libjvm.so+0x51d550], sa_mask[0]=0x7ffbfeff, sa_flags=0x10000004
SIGUSR1: SIG_DFL, sa_mask[0]=0x00000000, sa_flags=0x00000000
SIGUSR2: [libjvm.so+0x51d3c0], sa_mask[0]=0x00000004, sa_flags=0x10000004
SIGHUP: [libjvm.so+0x5201b0], sa_mask[0]=0x7ffbfeff, sa_flags=0x10000004
SIGINT: [libjvm.so+0x5201b0], sa_mask[0]=0x7ffbfeff, sa_flags=0x10000004
SIGTERM: [libjvm.so+0x5201b0], sa_mask[0]=0x7ffbfeff, sa_flags=0x10000004
SIGQUIT: [libjvm.so+0x5201b0], sa_mask[0]=0x7ffbfeff, sa_flags=0x10000004


---------------  S Y S T E M  ---------------

OS:Ubuntu 11.04 (natty)
uname:Linux 2.6.38-13-generic #55-Ubuntu SMP Tue Jan 24 14:27:59 UTC 2012 i686
libc:glibc 2.13 NPTL 2.13 
rlimit: STACK 8192k, CORE 0k, NPROC infinity, NOFILE 4096, AS infinity
load average:0.14 0.06 0.05

/proc/meminfo:
MemTotal:        3595292 kB
MemFree:         2158124 kB
Buffers:          238460 kB
Cached:           973236 kB
SwapCached:            0 kB
Active:           594436 kB
Inactive:         721036 kB
Active(anon):     104308 kB
Inactive(anon):     1072 kB
Active(file):     490128 kB
Inactive(file):   719964 kB
Unevictable:           0 kB
Mlocked:               0 kB
HighTotal:       2742776 kB
HighFree:        1652444 kB
LowTotal:         852516 kB
LowFree:          505680 kB
SwapTotal:       4036604 kB
SwapFree:        4036604 kB
Dirty:                24 kB
Writeback:            72 kB
AnonPages:        103756 kB
Mapped:            17244 kB
Shmem:              1824 kB
Slab:              84264 kB
SReclaimable:      68784 kB
SUnreclaim:        15480 kB
KernelStack:        1000 kB
PageTables:          768 kB
NFS_Unstable:          0 kB
Bounce:                0 kB
WritebackTmp:          0 kB
CommitLimit:     5834248 kB
Committed_AS:     246592 kB
VmallocTotal:     122880 kB
VmallocUsed:       31640 kB
VmallocChunk:      85364 kB
HardwareCorrupted:     0 kB
HugePages_Total:       0
HugePages_Free:        0
HugePages_Rsvd:        0
HugePages_Surp:        0
Hugepagesize:       4096 kB
DirectMap4k:       12280 kB
DirectMap4M:      897024 kB


CPU:total 4 (2 cores per cpu, 2 threads per core) family 6 model 37 stepping 2, cmov, cx8, fxsr, mmx, sse, sse2, sse3, ssse3, sse4.1, sse4.2, popcnt, ht

Memory: 4k page, physical 3595292k(2158124k free), swap 4036604k(4036604k free)

vm_info: OpenJDK Server VM (20.0-b11) for linux-x86 JRE (1.6.0_22-b22), built on Feb 21 2012 00:20:24 by "buildd" with gcc 4.5.2

time: Sun Feb 26 19:30:41 2012
elapsed time: 23406 seconds

