#
# A fatal error has been detected by the Java Runtime Environment:
#
#  Internal Error (classFileParser.cpp:3494), pid=9293, tid=3061848944
#  Error: ShouldNotReachHere()
#
# JRE version: 6.0_24-b24
# Java VM: OpenJDK Server VM (20.0-b12 mixed mode linux-x86 )
# Derivative: IcedTea6 1.11.5
# Distribution: Ubuntu 11.10, package 6b24-1.11.5-0ubuntu1~11.10.1
# If you would like to submit a bug report, please include
# instructions how to reproduce the bug and visit:
#   https://bugs.launchpad.net/ubuntu/+source/openjdk-6/
#

---------------  T H R E A D  ---------------

Current thread (0x09c55400):  JavaThread "Unknown thread" [_thread_in_vm, id=9298, stack(0xb67b1000,0xb6802000)]

Stack: [0xb67b1000,0xb6802000]
[error occurred during error reporting (printing stack bounds), id 0xb]


[error occurred during error reporting (printing native stack), id 0xb]


---------------  P R O C E S S  ---------------

Java Threads: ( => current thread )

Other Threads:

=>0x09c55400 (exited) JavaThread "Unknown thread" [_thread_in_vm, id=9298, stack(0xb67b1000,0xb6802000)]

VM state:not at safepoint (not fully initialized)

VM Mutex/Monitor currently owned by a thread: None

Dynamic libraries:
08048000-08051000 r-xp 00000000 08:06 6428746    /usr/lib/jvm/java-6-openjdk/jre/bin/java
08051000-08052000 r--p 00008000 08:06 6428746    /usr/lib/jvm/java-6-openjdk/jre/bin/java
08052000-08053000 rw-p 00009000 08:06 6428746    /usr/lib/jvm/java-6-openjdk/jre/bin/java
09c4e000-09cb8000 rw-p 00000000 00:00 0          [heap]
6e44c000-6e4b1000 r--s 004cb000 08:06 7750299    /home/ayvercru/Android SDK/android-sdk-linux/platforms/android-8/android.jar
6e4b1000-6e4b2000 ---p 00000000 00:00 0 
6e4b2000-6e532000 rw-p 00000000 00:00 0 
6e532000-6e533000 ---p 00000000 00:00 0 
6e533000-6e5b3000 rw-p 00000000 00:00 0 
6e5b3000-6e5b4000 ---p 00000000 00:00 0 
6e5b4000-6e634000 rw-p 00000000 00:00 0 
6e634000-6e635000 ---p 00000000 00:00 0 
6e635000-6e6bd000 rw-p 00000000 00:00 0 
6e6bd000-6e6f5000 rw-p 00000000 00:00 0 
6e6f5000-6e70a000 rw-p 00000000 00:00 0 
6e70a000-6e839000 rw-p 00000000 00:00 0 
6e839000-6e841000 rw-p 00000000 00:00 0 
6e841000-6e879000 rw-p 00000000 00:00 0 
6e879000-6e88e000 rw-p 00000000 00:00 0 
6e88e000-6e9bd000 rw-p 00000000 00:00 0 
6e9bd000-6e9c8000 rw-p 00000000 00:00 0 
6e9c8000-6ea5f000 rw-p 00000000 00:00 0 
6ea5f000-6fa60000 rw-p 00000000 00:00 0 
6fa60000-76a60000 rw-p 00000000 00:00 0 
76a60000-792e0000 rw-p 00000000 00:00 0 
792e0000-9f260000 rw-p 00000000 00:00 0 
9f260000-a06a0000 rw-p 00000000 00:00 0 
a06a0000-b3660000 rw-p 00000000 00:00 0 
b366d000-b3676000 rw-p 00000000 00:00 0 
b3676000-b372d000 rw-p 00000000 00:00 0 
b372d000-b396d000 rwxp 00000000 00:00 0 
b396d000-b672d000 rw-p 00000000 00:00 0 
b672d000-b6738000 r-xp 00000000 08:06 262458     /lib/i386-linux-gnu/libnss_files-2.13.so
b6738000-b6739000 r--p 0000a000 08:06 262458     /lib/i386-linux-gnu/libnss_files-2.13.so
b6739000-b673a000 rw-p 0000b000 08:06 262458     /lib/i386-linux-gnu/libnss_files-2.13.so
b673a000-b6744000 r-xp 00000000 08:06 262445     /lib/i386-linux-gnu/libnss_nis-2.13.so
b6744000-b6745000 r--p 00009000 08:06 262445     /lib/i386-linux-gnu/libnss_nis-2.13.so
b6745000-b6746000 rw-p 0000a000 08:06 262445     /lib/i386-linux-gnu/libnss_nis-2.13.so
b6746000-b675b000 r-xp 00000000 08:06 262442     /lib/i386-linux-gnu/libnsl-2.13.so
b675b000-b675c000 r--p 00015000 08:06 262442     /lib/i386-linux-gnu/libnsl-2.13.so
b675c000-b675d000 rw-p 00016000 08:06 262442     /lib/i386-linux-gnu/libnsl-2.13.so
b675d000-b675f000 rw-p 00000000 00:00 0 
b675f000-b6767000 r-xp 00000000 08:06 262446     /lib/i386-linux-gnu/libnss_compat-2.13.so
b6767000-b6768000 r--p 00007000 08:06 262446     /lib/i386-linux-gnu/libnss_compat-2.13.so
b6768000-b6769000 rw-p 00008000 08:06 262446     /lib/i386-linux-gnu/libnss_compat-2.13.so
b676e000-b6775000 r-xp 00000000 08:06 6566526    /usr/lib/jvm/java-6-openjdk/jre/lib/i386/libzip.so
b6775000-b6776000 r--p 00006000 08:06 6566526    /usr/lib/jvm/java-6-openjdk/jre/lib/i386/libzip.so
b6776000-b6777000 rw-p 00007000 08:06 6566526    /usr/lib/jvm/java-6-openjdk/jre/lib/i386/libzip.so
b6777000-b677f000 rw-s 00000000 08:06 6422586    /tmp/hsperfdata_ayvercru/9293
b677f000-b67a5000 r-xp 00000000 08:06 6566553    /usr/lib/jvm/java-6-openjdk/jre/lib/i386/libjava.so
b67a5000-b67a6000 r--p 00025000 08:06 6566553    /usr/lib/jvm/java-6-openjdk/jre/lib/i386/libjava.so
b67a6000-b67a8000 rw-p 00026000 08:06 6566553    /usr/lib/jvm/java-6-openjdk/jre/lib/i386/libjava.so
b67a8000-b67af000 r-xp 00000000 08:06 262439     /lib/i386-linux-gnu/librt-2.13.so
b67af000-b67b0000 r--p 00006000 08:06 262439     /lib/i386-linux-gnu/librt-2.13.so
b67b0000-b67b1000 rw-p 00007000 08:06 262439     /lib/i386-linux-gnu/librt-2.13.so
b67b1000-b67b4000 ---p 00000000 00:00 0 
b67b4000-b6802000 rw-p 00000000 00:00 0 
b6802000-b681e000 r-xp 00000000 08:06 262299     /lib/i386-linux-gnu/libgcc_s.so.1
b681e000-b681f000 r--p 0001b000 08:06 262299     /lib/i386-linux-gnu/libgcc_s.so.1
b681f000-b6820000 rw-p 0001c000 08:06 262299     /lib/i386-linux-gnu/libgcc_s.so.1
b6820000-b6848000 r-xp 00000000 08:06 262455     /lib/i386-linux-gnu/libm-2.13.so
b6848000-b6849000 r--p 00028000 08:06 262455     /lib/i386-linux-gnu/libm-2.13.so
b6849000-b684a000 rw-p 00029000 08:06 262455     /lib/i386-linux-gnu/libm-2.13.so
b684a000-b6928000 r-xp 00000000 08:06 3801132    /usr/lib/i386-linux-gnu/libstdc++.so.6.0.16
b6928000-b6929000 ---p 000de000 08:06 3801132    /usr/lib/i386-linux-gnu/libstdc++.so.6.0.16
b6929000-b692d000 r--p 000de000 08:06 3801132    /usr/lib/i386-linux-gnu/libstdc++.so.6.0.16
b692d000-b692e000 rw-p 000e2000 08:06 3801132    /usr/lib/i386-linux-gnu/libstdc++.so.6.0.16
b692e000-b6935000 rw-p 00000000 00:00 0 
b6935000-b7155000 r-xp 00000000 08:06 6686069    /usr/lib/jvm/java-6-openjdk/jre/lib/i386/server/libjvm.so
b7155000-b719a000 r--p 0081f000 08:06 6686069    /usr/lib/jvm/java-6-openjdk/jre/lib/i386/server/libjvm.so
b719a000-b71a9000 rw-p 00864000 08:06 6686069    /usr/lib/jvm/java-6-openjdk/jre/lib/i386/server/libjvm.so
b71a9000-b75c5000 rw-p 00000000 00:00 0 
b75c5000-b75d8000 r-xp 00000000 08:06 263060     /lib/i386-linux-gnu/libz.so.1.2.3.4
b75d8000-b75d9000 r--p 00012000 08:06 263060     /lib/i386-linux-gnu/libz.so.1.2.3.4
b75d9000-b75da000 rw-p 00013000 08:06 263060     /lib/i386-linux-gnu/libz.so.1.2.3.4
b75da000-b7756000 r-xp 00000000 08:06 262436     /lib/i386-linux-gnu/libc-2.13.so
b7756000-b7758000 r--p 0017c000 08:06 262436     /lib/i386-linux-gnu/libc-2.13.so
b7758000-b7759000 rw-p 0017e000 08:06 262436     /lib/i386-linux-gnu/libc-2.13.so
b7759000-b775c000 rw-p 00000000 00:00 0 
b775c000-b775f000 r-xp 00000000 08:06 262453     /lib/i386-linux-gnu/libdl-2.13.so
b775f000-b7760000 r--p 00002000 08:06 262453     /lib/i386-linux-gnu/libdl-2.13.so
b7760000-b7761000 rw-p 00003000 08:06 262453     /lib/i386-linux-gnu/libdl-2.13.so
b7761000-b7765000 r-xp 00000000 08:06 6566547    /usr/lib/jvm/java-6-openjdk/jre/lib/i386/jli/libjli.so
b7765000-b7766000 r--p 00003000 08:06 6566547    /usr/lib/jvm/java-6-openjdk/jre/lib/i386/jli/libjli.so
b7766000-b7767000 rw-p 00004000 08:06 6566547    /usr/lib/jvm/java-6-openjdk/jre/lib/i386/jli/libjli.so
b7767000-b7768000 rw-p 00000000 00:00 0 
b7768000-b777f000 r-xp 00000000 08:06 262451     /lib/i386-linux-gnu/libpthread-2.13.so
b777f000-b7780000 r--p 00016000 08:06 262451     /lib/i386-linux-gnu/libpthread-2.13.so
b7780000-b7781000 rw-p 00017000 08:06 262451     /lib/i386-linux-gnu/libpthread-2.13.so
b7781000-b7783000 rw-p 00000000 00:00 0 
b7789000-b778a000 rw-p 00000000 00:00 0 
b778a000-b778b000 r--p 00000000 00:00 0 
b778b000-b7796000 r-xp 00000000 08:06 6566533    /usr/lib/jvm/java-6-openjdk/jre/lib/i386/libverify.so
b7796000-b7797000 ---p 0000b000 08:06 6566533    /usr/lib/jvm/java-6-openjdk/jre/lib/i386/libverify.so
b7797000-b7798000 r--p 0000b000 08:06 6566533    /usr/lib/jvm/java-6-openjdk/jre/lib/i386/libverify.so
b7798000-b7799000 rw-p 0000c000 08:06 6566533    /usr/lib/jvm/java-6-openjdk/jre/lib/i386/libverify.so
b7799000-b779b000 rw-p 00000000 00:00 0 
b779b000-b779c000 r-xp 00000000 00:00 0          [vdso]
b779c000-b77ba000 r-xp 00000000 08:06 262456     /lib/i386-linux-gnu/ld-2.13.so
b77ba000-b77bb000 r--p 0001d000 08:06 262456     /lib/i386-linux-gnu/ld-2.13.so
b77bb000-b77bc000 rw-p 0001e000 08:06 262456     /lib/i386-linux-gnu/ld-2.13.so
bff7c000-bff9d000 rw-p 00000000 00:00 0          [stack]

VM Arguments:
jvm_args: -Dfile.encoding=UTF-8 -Xbootclasspath:/home/ayvercru/Android SDK/android-sdk-linux/platforms/android-8/android.jar 
java_command: vub.templates.templateReader
Launcher Type: SUN_STANDARD

Environment Variables:
PATH=/usr/lib/lightdm/lightdm:/usr/local/sbin:/usr/local/bin:/usr/sbin:/usr/bin:/sbin:/bin:/usr/games
USERNAME=ayvercru
LD_LIBRARY_PATH=/usr/lib/jvm/java-6-openjdk/jre/lib/i386/server:/usr/lib/jvm/java-6-openjdk/jre/lib/i386:/usr/lib/jvm/java-6-openjdk/jre/../lib/i386:/usr/lib/jvm/java-6-openjdk/jre/lib/i386/client:/usr/lib/jvm/java-6-openjdk/jre/lib/i386:
SHELL=/bin/zsh
DISPLAY=:0.0

Signal Handlers:
SIGSEGV: [libjvm.so+0x66b840], sa_mask[0]=0x7ffbfeff, sa_flags=0x10000004
SIGBUS: [libjvm.so+0x66b840], sa_mask[0]=0x7ffbfeff, sa_flags=0x10000004
SIGFPE: [libjvm.so+0x52eb20], sa_mask[0]=0x7ffbfeff, sa_flags=0x10000004
SIGPIPE: [libjvm.so+0x52eb20], sa_mask[0]=0x7ffbfeff, sa_flags=0x10000004
SIGXFSZ: [libjvm.so+0x52eb20], sa_mask[0]=0x7ffbfeff, sa_flags=0x10000004
SIGILL: [libjvm.so+0x52eb20], sa_mask[0]=0x7ffbfeff, sa_flags=0x10000004
SIGUSR1: SIG_DFL, sa_mask[0]=0x00000000, sa_flags=0x00000000
SIGUSR2: [libjvm.so+0x52e9b0], sa_mask[0]=0x00000004, sa_flags=0x10000004
SIGHUP: SIG_DFL, sa_mask[0]=0x00000000, sa_flags=0x00000000
SIGINT: SIG_DFL, sa_mask[0]=0x00000000, sa_flags=0x00000000
SIGTERM: SIG_DFL, sa_mask[0]=0x00000000, sa_flags=0x00000000
SIGQUIT: SIG_DFL, sa_mask[0]=0x00000000, sa_flags=0x00000000


---------------  S Y S T E M  ---------------

OS:Ubuntu 11.10 (oneiric)
uname:Linux 3.0.0-27-generic-pae #44-Ubuntu SMP Tue Oct 16 17:13:32 UTC 2012 i686
libc:glibc 2.13 NPTL 2.13 
rlimit: STACK 8192k, CORE 0k, NPROC 30988, NOFILE 4096, AS infinity
load average:2.41 1.75 1.78

/proc/meminfo:
MemTotal:        3980600 kB
MemFree:          220416 kB
Buffers:           35748 kB
Cached:          2020212 kB
SwapCached:        17764 kB
Active:          2070896 kB
Inactive:        1331368 kB
Active(anon):    1058404 kB
Inactive(anon):   317944 kB
Active(file):    1012492 kB
Inactive(file):  1013424 kB
Unevictable:          48 kB
Mlocked:              48 kB
HighTotal:       3131896 kB
HighFree:          42808 kB
LowTotal:         848704 kB
LowFree:          177608 kB
SwapTotal:       4036604 kB
SwapFree:        3946980 kB
Dirty:             13956 kB
Writeback:             0 kB
AnonPages:       1331980 kB
Mapped:           125884 kB
Shmem:             30040 kB
Slab:              75372 kB
SReclaimable:      52668 kB
SUnreclaim:        22704 kB
KernelStack:        4056 kB
PageTables:        14716 kB
NFS_Unstable:          0 kB
Bounce:                0 kB
WritebackTmp:          0 kB
CommitLimit:     6026904 kB
Committed_AS:    4059548 kB
VmallocTotal:     122880 kB
VmallocUsed:       27300 kB
VmallocChunk:      77248 kB
HardwareCorrupted:     0 kB
AnonHugePages:         0 kB
HugePages_Total:       0
HugePages_Free:        0
HugePages_Rsvd:        0
HugePages_Surp:        0
Hugepagesize:       2048 kB
DirectMap4k:       26616 kB
DirectMap2M:      886784 kB


CPU:total 4 (2 cores per cpu, 2 threads per core) family 6 model 37 stepping 2, cmov, cx8, fxsr, mmx, sse, sse2, sse3, ssse3, sse4.1, sse4.2, popcnt, ht

Memory: 4k page, physical 3980600k(220416k free), swap 4036604k(3946980k free)

vm_info: OpenJDK Server VM (20.0-b12) for linux-x86 JRE (1.6.0_24-b24), built on Oct 24 2012 16:30:02 by "buildd" with gcc 4.6.1

time: Sun Dec  2 00:50:23 2012
elapsed time: 0 seconds

