#
# A fatal error has been detected by the Java Runtime Environment:
#
#  Internal Error (classFileParser.cpp:3494), pid=9087, tid=3061549936
#  Error: ShouldNotReachHere()
#
# JRE version: 6.0_24-b24
# Java VM: OpenJDK Server VM (20.0-b12 mixed mode linux-x86 )
# Derivative: IcedTea6 1.11.5
# Distribution: Ubuntu 11.10, package 6b24-1.11.5-0ubuntu1~11.10.1
# If you would like to submit a bug report, please include
# instructions how to reproduce the bug and visit:
#   https://bugs.launchpad.net/ubuntu/+source/openjdk-6/
#

---------------  T H R E A D  ---------------

Current thread (0x081a7400):  JavaThread "Unknown thread" [_thread_in_vm, id=9092, stack(0xb6768000,0xb67b9000)]

Stack: [0xb6768000,0xb67b9000]
[error occurred during error reporting (printing stack bounds), id 0xb]


[error occurred during error reporting (printing native stack), id 0xb]


---------------  P R O C E S S  ---------------

Java Threads: ( => current thread )

Other Threads:

=>0x081a7400 (exited) JavaThread "Unknown thread" [_thread_in_vm, id=9092, stack(0xb6768000,0xb67b9000)]

VM state:not at safepoint (not fully initialized)

VM Mutex/Monitor currently owned by a thread: None

Dynamic libraries:
08048000-08051000 r-xp 00000000 08:06 6428746    /usr/lib/jvm/java-6-openjdk/jre/bin/java
08051000-08052000 r--p 00008000 08:06 6428746    /usr/lib/jvm/java-6-openjdk/jre/bin/java
08052000-08053000 rw-p 00009000 08:06 6428746    /usr/lib/jvm/java-6-openjdk/jre/bin/java
081a0000-0820a000 rw-p 00000000 00:00 0          [heap]
6e40c000-6e471000 r--s 004cb000 08:06 7750299    /home/ayvercru/Android SDK/android-sdk-linux/platforms/android-8/android.jar
6e471000-6e472000 ---p 00000000 00:00 0 
6e472000-6e4f2000 rw-p 00000000 00:00 0 
6e4f2000-6e4f3000 ---p 00000000 00:00 0 
6e4f3000-6e573000 rw-p 00000000 00:00 0 
6e573000-6e574000 ---p 00000000 00:00 0 
6e574000-6e5f4000 rw-p 00000000 00:00 0 
6e5f4000-6e5f5000 ---p 00000000 00:00 0 
6e5f5000-6e67d000 rw-p 00000000 00:00 0 
6e67d000-6e6b5000 rw-p 00000000 00:00 0 
6e6b5000-6e6ca000 rw-p 00000000 00:00 0 
6e6ca000-6e7f9000 rw-p 00000000 00:00 0 
6e7f9000-6e801000 rw-p 00000000 00:00 0 
6e801000-6e839000 rw-p 00000000 00:00 0 
6e839000-6e84e000 rw-p 00000000 00:00 0 
6e84e000-6e97d000 rw-p 00000000 00:00 0 
6e97d000-6e988000 rw-p 00000000 00:00 0 
6e988000-6ea1f000 rw-p 00000000 00:00 0 
6ea1f000-6fa20000 rw-p 00000000 00:00 0 
6fa20000-76a20000 rw-p 00000000 00:00 0 
76a20000-792a0000 rw-p 00000000 00:00 0 
792a0000-9f220000 rw-p 00000000 00:00 0 
9f220000-a0660000 rw-p 00000000 00:00 0 
a0660000-b3620000 rw-p 00000000 00:00 0 
b3624000-b362d000 rw-p 00000000 00:00 0 
b362d000-b36e4000 rw-p 00000000 00:00 0 
b36e4000-b3924000 rwxp 00000000 00:00 0 
b3924000-b66e4000 rw-p 00000000 00:00 0 
b66e4000-b66ef000 r-xp 00000000 08:06 262458     /lib/i386-linux-gnu/libnss_files-2.13.so
b66ef000-b66f0000 r--p 0000a000 08:06 262458     /lib/i386-linux-gnu/libnss_files-2.13.so
b66f0000-b66f1000 rw-p 0000b000 08:06 262458     /lib/i386-linux-gnu/libnss_files-2.13.so
b66f1000-b66fb000 r-xp 00000000 08:06 262445     /lib/i386-linux-gnu/libnss_nis-2.13.so
b66fb000-b66fc000 r--p 00009000 08:06 262445     /lib/i386-linux-gnu/libnss_nis-2.13.so
b66fc000-b66fd000 rw-p 0000a000 08:06 262445     /lib/i386-linux-gnu/libnss_nis-2.13.so
b66fd000-b6712000 r-xp 00000000 08:06 262442     /lib/i386-linux-gnu/libnsl-2.13.so
b6712000-b6713000 r--p 00015000 08:06 262442     /lib/i386-linux-gnu/libnsl-2.13.so
b6713000-b6714000 rw-p 00016000 08:06 262442     /lib/i386-linux-gnu/libnsl-2.13.so
b6714000-b6716000 rw-p 00000000 00:00 0 
b6716000-b671e000 r-xp 00000000 08:06 262446     /lib/i386-linux-gnu/libnss_compat-2.13.so
b671e000-b671f000 r--p 00007000 08:06 262446     /lib/i386-linux-gnu/libnss_compat-2.13.so
b671f000-b6720000 rw-p 00008000 08:06 262446     /lib/i386-linux-gnu/libnss_compat-2.13.so
b6725000-b672c000 r-xp 00000000 08:06 6566526    /usr/lib/jvm/java-6-openjdk/jre/lib/i386/libzip.so
b672c000-b672d000 r--p 00006000 08:06 6566526    /usr/lib/jvm/java-6-openjdk/jre/lib/i386/libzip.so
b672d000-b672e000 rw-p 00007000 08:06 6566526    /usr/lib/jvm/java-6-openjdk/jre/lib/i386/libzip.so
b672e000-b6736000 rw-s 00000000 08:06 6422586    /tmp/hsperfdata_ayvercru/9087
b6736000-b675c000 r-xp 00000000 08:06 6566553    /usr/lib/jvm/java-6-openjdk/jre/lib/i386/libjava.so
b675c000-b675d000 r--p 00025000 08:06 6566553    /usr/lib/jvm/java-6-openjdk/jre/lib/i386/libjava.so
b675d000-b675f000 rw-p 00026000 08:06 6566553    /usr/lib/jvm/java-6-openjdk/jre/lib/i386/libjava.so
b675f000-b6766000 r-xp 00000000 08:06 262439     /lib/i386-linux-gnu/librt-2.13.so
b6766000-b6767000 r--p 00006000 08:06 262439     /lib/i386-linux-gnu/librt-2.13.so
b6767000-b6768000 rw-p 00007000 08:06 262439     /lib/i386-linux-gnu/librt-2.13.so
b6768000-b676b000 ---p 00000000 00:00 0 
b676b000-b67b9000 rw-p 00000000 00:00 0 
b67b9000-b67d5000 r-xp 00000000 08:06 262299     /lib/i386-linux-gnu/libgcc_s.so.1
b67d5000-b67d6000 r--p 0001b000 08:06 262299     /lib/i386-linux-gnu/libgcc_s.so.1
b67d6000-b67d7000 rw-p 0001c000 08:06 262299     /lib/i386-linux-gnu/libgcc_s.so.1
b67d7000-b67ff000 r-xp 00000000 08:06 262455     /lib/i386-linux-gnu/libm-2.13.so
b67ff000-b6800000 r--p 00028000 08:06 262455     /lib/i386-linux-gnu/libm-2.13.so
b6800000-b6801000 rw-p 00029000 08:06 262455     /lib/i386-linux-gnu/libm-2.13.so
b6801000-b68df000 r-xp 00000000 08:06 3801132    /usr/lib/i386-linux-gnu/libstdc++.so.6.0.16
b68df000-b68e0000 ---p 000de000 08:06 3801132    /usr/lib/i386-linux-gnu/libstdc++.so.6.0.16
b68e0000-b68e4000 r--p 000de000 08:06 3801132    /usr/lib/i386-linux-gnu/libstdc++.so.6.0.16
b68e4000-b68e5000 rw-p 000e2000 08:06 3801132    /usr/lib/i386-linux-gnu/libstdc++.so.6.0.16
b68e5000-b68ec000 rw-p 00000000 00:00 0 
b68ec000-b710c000 r-xp 00000000 08:06 6686069    /usr/lib/jvm/java-6-openjdk/jre/lib/i386/server/libjvm.so
b710c000-b7151000 r--p 0081f000 08:06 6686069    /usr/lib/jvm/java-6-openjdk/jre/lib/i386/server/libjvm.so
b7151000-b7160000 rw-p 00864000 08:06 6686069    /usr/lib/jvm/java-6-openjdk/jre/lib/i386/server/libjvm.so
b7160000-b757c000 rw-p 00000000 00:00 0 
b757c000-b758f000 r-xp 00000000 08:06 263060     /lib/i386-linux-gnu/libz.so.1.2.3.4
b758f000-b7590000 r--p 00012000 08:06 263060     /lib/i386-linux-gnu/libz.so.1.2.3.4
b7590000-b7591000 rw-p 00013000 08:06 263060     /lib/i386-linux-gnu/libz.so.1.2.3.4
b7591000-b770d000 r-xp 00000000 08:06 262436     /lib/i386-linux-gnu/libc-2.13.so
b770d000-b770f000 r--p 0017c000 08:06 262436     /lib/i386-linux-gnu/libc-2.13.so
b770f000-b7710000 rw-p 0017e000 08:06 262436     /lib/i386-linux-gnu/libc-2.13.so
b7710000-b7713000 rw-p 00000000 00:00 0 
b7713000-b7716000 r-xp 00000000 08:06 262453     /lib/i386-linux-gnu/libdl-2.13.so
b7716000-b7717000 r--p 00002000 08:06 262453     /lib/i386-linux-gnu/libdl-2.13.so
b7717000-b7718000 rw-p 00003000 08:06 262453     /lib/i386-linux-gnu/libdl-2.13.so
b7718000-b771c000 r-xp 00000000 08:06 6566547    /usr/lib/jvm/java-6-openjdk/jre/lib/i386/jli/libjli.so
b771c000-b771d000 r--p 00003000 08:06 6566547    /usr/lib/jvm/java-6-openjdk/jre/lib/i386/jli/libjli.so
b771d000-b771e000 rw-p 00004000 08:06 6566547    /usr/lib/jvm/java-6-openjdk/jre/lib/i386/jli/libjli.so
b771e000-b771f000 rw-p 00000000 00:00 0 
b771f000-b7736000 r-xp 00000000 08:06 262451     /lib/i386-linux-gnu/libpthread-2.13.so
b7736000-b7737000 r--p 00016000 08:06 262451     /lib/i386-linux-gnu/libpthread-2.13.so
b7737000-b7738000 rw-p 00017000 08:06 262451     /lib/i386-linux-gnu/libpthread-2.13.so
b7738000-b773a000 rw-p 00000000 00:00 0 
b7740000-b7741000 rw-p 00000000 00:00 0 
b7741000-b7742000 r--p 00000000 00:00 0 
b7742000-b774d000 r-xp 00000000 08:06 6566533    /usr/lib/jvm/java-6-openjdk/jre/lib/i386/libverify.so
b774d000-b774e000 ---p 0000b000 08:06 6566533    /usr/lib/jvm/java-6-openjdk/jre/lib/i386/libverify.so
b774e000-b774f000 r--p 0000b000 08:06 6566533    /usr/lib/jvm/java-6-openjdk/jre/lib/i386/libverify.so
b774f000-b7750000 rw-p 0000c000 08:06 6566533    /usr/lib/jvm/java-6-openjdk/jre/lib/i386/libverify.so
b7750000-b7752000 rw-p 00000000 00:00 0 
b7752000-b7753000 r-xp 00000000 00:00 0          [vdso]
b7753000-b7771000 r-xp 00000000 08:06 262456     /lib/i386-linux-gnu/ld-2.13.so
b7771000-b7772000 r--p 0001d000 08:06 262456     /lib/i386-linux-gnu/ld-2.13.so
b7772000-b7773000 rw-p 0001e000 08:06 262456     /lib/i386-linux-gnu/ld-2.13.so
bfcf6000-bfd17000 rw-p 00000000 00:00 0          [stack]

VM Arguments:
jvm_args: -Dfile.encoding=UTF-8 -Xbootclasspath:/home/ayvercru/Android SDK/android-sdk-linux/platforms/android-8/android.jar 
java_command: vub.templates.templateReader
Launcher Type: SUN_STANDARD

Environment Variables:
PATH=/usr/lib/lightdm/lightdm:/usr/local/sbin:/usr/local/bin:/usr/sbin:/usr/bin:/sbin:/bin:/usr/games
USERNAME=ayvercru
LD_LIBRARY_PATH=/usr/lib/jvm/java-6-openjdk/jre/lib/i386/server:/usr/lib/jvm/java-6-openjdk/jre/lib/i386:/usr/lib/jvm/java-6-openjdk/jre/../lib/i386:/usr/lib/jvm/java-6-openjdk/jre/lib/i386/client:/usr/lib/jvm/java-6-openjdk/jre/lib/i386:
SHELL=/bin/zsh
DISPLAY=:0.0

Signal Handlers:
SIGSEGV: [libjvm.so+0x66b840], sa_mask[0]=0x7ffbfeff, sa_flags=0x10000004
SIGBUS: [libjvm.so+0x66b840], sa_mask[0]=0x7ffbfeff, sa_flags=0x10000004
SIGFPE: [libjvm.so+0x52eb20], sa_mask[0]=0x7ffbfeff, sa_flags=0x10000004
SIGPIPE: [libjvm.so+0x52eb20], sa_mask[0]=0x7ffbfeff, sa_flags=0x10000004
SIGXFSZ: [libjvm.so+0x52eb20], sa_mask[0]=0x7ffbfeff, sa_flags=0x10000004
SIGILL: [libjvm.so+0x52eb20], sa_mask[0]=0x7ffbfeff, sa_flags=0x10000004
SIGUSR1: SIG_DFL, sa_mask[0]=0x00000000, sa_flags=0x00000000
SIGUSR2: [libjvm.so+0x52e9b0], sa_mask[0]=0x00000004, sa_flags=0x10000004
SIGHUP: SIG_DFL, sa_mask[0]=0x00000000, sa_flags=0x00000000
SIGINT: SIG_DFL, sa_mask[0]=0x00000000, sa_flags=0x00000000
SIGTERM: SIG_DFL, sa_mask[0]=0x00000000, sa_flags=0x00000000
SIGQUIT: SIG_DFL, sa_mask[0]=0x00000000, sa_flags=0x00000000


---------------  S Y S T E M  ---------------

OS:Ubuntu 11.10 (oneiric)
uname:Linux 3.0.0-27-generic-pae #44-Ubuntu SMP Tue Oct 16 17:13:32 UTC 2012 i686
libc:glibc 2.13 NPTL 2.13 
rlimit: STACK 8192k, CORE 0k, NPROC 30988, NOFILE 4096, AS infinity
load average:1.62 1.58 1.78

/proc/meminfo:
MemTotal:        3980600 kB
MemFree:          254836 kB
Buffers:           17332 kB
Cached:          1955048 kB
SwapCached:        16000 kB
Active:          2101992 kB
Inactive:        1264052 kB
Active(anon):    1103548 kB
Inactive(anon):   320132 kB
Active(file):     998444 kB
Inactive(file):   943920 kB
Unevictable:          48 kB
Mlocked:              48 kB
HighTotal:       3131896 kB
HighFree:          71948 kB
LowTotal:         848704 kB
LowFree:          182888 kB
SwapTotal:       4036604 kB
SwapFree:        3950684 kB
Dirty:             35768 kB
Writeback:           336 kB
AnonPages:       1380636 kB
Mapped:           125052 kB
Shmem:             30028 kB
Slab:              75064 kB
SReclaimable:      52508 kB
SUnreclaim:        22556 kB
KernelStack:        4040 kB
PageTables:        14892 kB
NFS_Unstable:          0 kB
Bounce:                0 kB
WritebackTmp:          0 kB
CommitLimit:     6026904 kB
Committed_AS:    4124352 kB
VmallocTotal:     122880 kB
VmallocUsed:       27244 kB
VmallocChunk:      77248 kB
HardwareCorrupted:     0 kB
AnonHugePages:         0 kB
HugePages_Total:       0
HugePages_Free:        0
HugePages_Rsvd:        0
HugePages_Surp:        0
Hugepagesize:       2048 kB
DirectMap4k:       26616 kB
DirectMap2M:      886784 kB


CPU:total 4 (2 cores per cpu, 2 threads per core) family 6 model 37 stepping 2, cmov, cx8, fxsr, mmx, sse, sse2, sse3, ssse3, sse4.1, sse4.2, popcnt, ht

Memory: 4k page, physical 3980600k(254836k free), swap 4036604k(3950684k free)

vm_info: OpenJDK Server VM (20.0-b12) for linux-x86 JRE (1.6.0_24-b24), built on Oct 24 2012 16:30:02 by "buildd" with gcc 4.6.1

time: Sun Dec  2 00:45:40 2012
elapsed time: 0 seconds

