#
# A fatal error has been detected by the Java Runtime Environment:
#
#  Internal Error (classFileParser.cpp:3494), pid=8922, tid=3061599088
#  Error: ShouldNotReachHere()
#
# JRE version: 6.0_24-b24
# Java VM: OpenJDK Server VM (20.0-b12 mixed mode linux-x86 )
# Derivative: IcedTea6 1.11.5
# Distribution: Ubuntu 11.10, package 6b24-1.11.5-0ubuntu1~11.10.1
# If you would like to submit a bug report, please include
# instructions how to reproduce the bug and visit:
#   https://bugs.launchpad.net/ubuntu/+source/openjdk-6/
#

---------------  T H R E A D  ---------------

Current thread (0x0903c400):  JavaThread "Unknown thread" [_thread_in_vm, id=8927, stack(0xb6774000,0xb67c5000)]

Stack: [0xb6774000,0xb67c5000]
[error occurred during error reporting (printing stack bounds), id 0xb]


[error occurred during error reporting (printing native stack), id 0xb]


---------------  P R O C E S S  ---------------

Java Threads: ( => current thread )

Other Threads:

=>0x0903c400 (exited) JavaThread "Unknown thread" [_thread_in_vm, id=8927, stack(0xb6774000,0xb67c5000)]

VM state:not at safepoint (not fully initialized)

VM Mutex/Monitor currently owned by a thread: None

Dynamic libraries:
08048000-08051000 r-xp 00000000 08:06 6428746    /usr/lib/jvm/java-6-openjdk/jre/bin/java
08051000-08052000 r--p 00008000 08:06 6428746    /usr/lib/jvm/java-6-openjdk/jre/bin/java
08052000-08053000 rw-p 00009000 08:06 6428746    /usr/lib/jvm/java-6-openjdk/jre/bin/java
09035000-09056000 rw-p 00000000 00:00 0          [heap]
6e300000-6e344000 rw-p 00000000 00:00 0 
6e344000-6e400000 ---p 00000000 00:00 0 
6e41c000-6e481000 r--s 004cb000 08:06 7750299    /home/ayvercru/Android SDK/android-sdk-linux/platforms/android-8/android.jar
6e481000-6e482000 ---p 00000000 00:00 0 
6e482000-6e502000 rw-p 00000000 00:00 0 
6e502000-6e503000 ---p 00000000 00:00 0 
6e503000-6e583000 rw-p 00000000 00:00 0 
6e583000-6e584000 ---p 00000000 00:00 0 
6e584000-6e604000 rw-p 00000000 00:00 0 
6e604000-6e605000 ---p 00000000 00:00 0 
6e605000-6e68d000 rw-p 00000000 00:00 0 
6e68d000-6e6c5000 rw-p 00000000 00:00 0 
6e6c5000-6e6da000 rw-p 00000000 00:00 0 
6e6da000-6e809000 rw-p 00000000 00:00 0 
6e809000-6e811000 rw-p 00000000 00:00 0 
6e811000-6e849000 rw-p 00000000 00:00 0 
6e849000-6e85e000 rw-p 00000000 00:00 0 
6e85e000-6e98d000 rw-p 00000000 00:00 0 
6e98d000-6e998000 rw-p 00000000 00:00 0 
6e998000-6ea2f000 rw-p 00000000 00:00 0 
6ea2f000-6fa30000 rw-p 00000000 00:00 0 
6fa30000-76a30000 rw-p 00000000 00:00 0 
76a30000-792b0000 rw-p 00000000 00:00 0 
792b0000-9f230000 rw-p 00000000 00:00 0 
9f230000-a0670000 rw-p 00000000 00:00 0 
a0670000-b3630000 rw-p 00000000 00:00 0 
b3630000-b3639000 rw-p 00000000 00:00 0 
b3639000-b36f0000 rw-p 00000000 00:00 0 
b36f0000-b3930000 rwxp 00000000 00:00 0 
b3930000-b66f0000 rw-p 00000000 00:00 0 
b66f0000-b66fb000 r-xp 00000000 08:06 262458     /lib/i386-linux-gnu/libnss_files-2.13.so
b66fb000-b66fc000 r--p 0000a000 08:06 262458     /lib/i386-linux-gnu/libnss_files-2.13.so
b66fc000-b66fd000 rw-p 0000b000 08:06 262458     /lib/i386-linux-gnu/libnss_files-2.13.so
b66fd000-b6707000 r-xp 00000000 08:06 262445     /lib/i386-linux-gnu/libnss_nis-2.13.so
b6707000-b6708000 r--p 00009000 08:06 262445     /lib/i386-linux-gnu/libnss_nis-2.13.so
b6708000-b6709000 rw-p 0000a000 08:06 262445     /lib/i386-linux-gnu/libnss_nis-2.13.so
b6709000-b671e000 r-xp 00000000 08:06 262442     /lib/i386-linux-gnu/libnsl-2.13.so
b671e000-b671f000 r--p 00015000 08:06 262442     /lib/i386-linux-gnu/libnsl-2.13.so
b671f000-b6720000 rw-p 00016000 08:06 262442     /lib/i386-linux-gnu/libnsl-2.13.so
b6720000-b6722000 rw-p 00000000 00:00 0 
b6722000-b672a000 r-xp 00000000 08:06 262446     /lib/i386-linux-gnu/libnss_compat-2.13.so
b672a000-b672b000 r--p 00007000 08:06 262446     /lib/i386-linux-gnu/libnss_compat-2.13.so
b672b000-b672c000 rw-p 00008000 08:06 262446     /lib/i386-linux-gnu/libnss_compat-2.13.so
b6731000-b6738000 r-xp 00000000 08:06 6566526    /usr/lib/jvm/java-6-openjdk/jre/lib/i386/libzip.so
b6738000-b6739000 r--p 00006000 08:06 6566526    /usr/lib/jvm/java-6-openjdk/jre/lib/i386/libzip.so
b6739000-b673a000 rw-p 00007000 08:06 6566526    /usr/lib/jvm/java-6-openjdk/jre/lib/i386/libzip.so
b673a000-b6742000 rw-s 00000000 08:06 6422580    /tmp/hsperfdata_ayvercru/8922
b6742000-b6768000 r-xp 00000000 08:06 6566553    /usr/lib/jvm/java-6-openjdk/jre/lib/i386/libjava.so
b6768000-b6769000 r--p 00025000 08:06 6566553    /usr/lib/jvm/java-6-openjdk/jre/lib/i386/libjava.so
b6769000-b676b000 rw-p 00026000 08:06 6566553    /usr/lib/jvm/java-6-openjdk/jre/lib/i386/libjava.so
b676b000-b6772000 r-xp 00000000 08:06 262439     /lib/i386-linux-gnu/librt-2.13.so
b6772000-b6773000 r--p 00006000 08:06 262439     /lib/i386-linux-gnu/librt-2.13.so
b6773000-b6774000 rw-p 00007000 08:06 262439     /lib/i386-linux-gnu/librt-2.13.so
b6774000-b6777000 ---p 00000000 00:00 0 
b6777000-b67c5000 rw-p 00000000 00:00 0 
b67c5000-b67e1000 r-xp 00000000 08:06 262299     /lib/i386-linux-gnu/libgcc_s.so.1
b67e1000-b67e2000 r--p 0001b000 08:06 262299     /lib/i386-linux-gnu/libgcc_s.so.1
b67e2000-b67e3000 rw-p 0001c000 08:06 262299     /lib/i386-linux-gnu/libgcc_s.so.1
b67e3000-b680b000 r-xp 00000000 08:06 262455     /lib/i386-linux-gnu/libm-2.13.so
b680b000-b680c000 r--p 00028000 08:06 262455     /lib/i386-linux-gnu/libm-2.13.so
b680c000-b680d000 rw-p 00029000 08:06 262455     /lib/i386-linux-gnu/libm-2.13.so
b680d000-b68eb000 r-xp 00000000 08:06 3801132    /usr/lib/i386-linux-gnu/libstdc++.so.6.0.16
b68eb000-b68ec000 ---p 000de000 08:06 3801132    /usr/lib/i386-linux-gnu/libstdc++.so.6.0.16
b68ec000-b68f0000 r--p 000de000 08:06 3801132    /usr/lib/i386-linux-gnu/libstdc++.so.6.0.16
b68f0000-b68f1000 rw-p 000e2000 08:06 3801132    /usr/lib/i386-linux-gnu/libstdc++.so.6.0.16
b68f1000-b68f8000 rw-p 00000000 00:00 0 
b68f8000-b7118000 r-xp 00000000 08:06 6686069    /usr/lib/jvm/java-6-openjdk/jre/lib/i386/server/libjvm.so
b7118000-b715d000 r--p 0081f000 08:06 6686069    /usr/lib/jvm/java-6-openjdk/jre/lib/i386/server/libjvm.so
b715d000-b716c000 rw-p 00864000 08:06 6686069    /usr/lib/jvm/java-6-openjdk/jre/lib/i386/server/libjvm.so
b716c000-b7588000 rw-p 00000000 00:00 0 
b7588000-b759b000 r-xp 00000000 08:06 263060     /lib/i386-linux-gnu/libz.so.1.2.3.4
b759b000-b759c000 r--p 00012000 08:06 263060     /lib/i386-linux-gnu/libz.so.1.2.3.4
b759c000-b759d000 rw-p 00013000 08:06 263060     /lib/i386-linux-gnu/libz.so.1.2.3.4
b759d000-b7719000 r-xp 00000000 08:06 262436     /lib/i386-linux-gnu/libc-2.13.so
b7719000-b771b000 r--p 0017c000 08:06 262436     /lib/i386-linux-gnu/libc-2.13.so
b771b000-b771c000 rw-p 0017e000 08:06 262436     /lib/i386-linux-gnu/libc-2.13.so
b771c000-b771f000 rw-p 00000000 00:00 0 
b771f000-b7722000 r-xp 00000000 08:06 262453     /lib/i386-linux-gnu/libdl-2.13.so
b7722000-b7723000 r--p 00002000 08:06 262453     /lib/i386-linux-gnu/libdl-2.13.so
b7723000-b7724000 rw-p 00003000 08:06 262453     /lib/i386-linux-gnu/libdl-2.13.so
b7724000-b7728000 r-xp 00000000 08:06 6566547    /usr/lib/jvm/java-6-openjdk/jre/lib/i386/jli/libjli.so
b7728000-b7729000 r--p 00003000 08:06 6566547    /usr/lib/jvm/java-6-openjdk/jre/lib/i386/jli/libjli.so
b7729000-b772a000 rw-p 00004000 08:06 6566547    /usr/lib/jvm/java-6-openjdk/jre/lib/i386/jli/libjli.so
b772a000-b772b000 rw-p 00000000 00:00 0 
b772b000-b7742000 r-xp 00000000 08:06 262451     /lib/i386-linux-gnu/libpthread-2.13.so
b7742000-b7743000 r--p 00016000 08:06 262451     /lib/i386-linux-gnu/libpthread-2.13.so
b7743000-b7744000 rw-p 00017000 08:06 262451     /lib/i386-linux-gnu/libpthread-2.13.so
b7744000-b7746000 rw-p 00000000 00:00 0 
b774c000-b774d000 rw-p 00000000 00:00 0 
b774d000-b774e000 r--p 00000000 00:00 0 
b774e000-b7759000 r-xp 00000000 08:06 6566533    /usr/lib/jvm/java-6-openjdk/jre/lib/i386/libverify.so
b7759000-b775a000 ---p 0000b000 08:06 6566533    /usr/lib/jvm/java-6-openjdk/jre/lib/i386/libverify.so
b775a000-b775b000 r--p 0000b000 08:06 6566533    /usr/lib/jvm/java-6-openjdk/jre/lib/i386/libverify.so
b775b000-b775c000 rw-p 0000c000 08:06 6566533    /usr/lib/jvm/java-6-openjdk/jre/lib/i386/libverify.so
b775c000-b775e000 rw-p 00000000 00:00 0 
b775e000-b775f000 r-xp 00000000 00:00 0          [vdso]
b775f000-b777d000 r-xp 00000000 08:06 262456     /lib/i386-linux-gnu/ld-2.13.so
b777d000-b777e000 r--p 0001d000 08:06 262456     /lib/i386-linux-gnu/ld-2.13.so
b777e000-b777f000 rw-p 0001e000 08:06 262456     /lib/i386-linux-gnu/ld-2.13.so
bf804000-bf825000 rw-p 00000000 00:00 0          [stack]

VM Arguments:
jvm_args: -Dfile.encoding=UTF-8 -Xbootclasspath:/home/ayvercru/Android SDK/android-sdk-linux/platforms/android-8/android.jar 
java_command: vub.templates.templateReader
Launcher Type: SUN_STANDARD

Environment Variables:
PATH=/usr/lib/lightdm/lightdm:/usr/local/sbin:/usr/local/bin:/usr/sbin:/usr/bin:/sbin:/bin:/usr/games
USERNAME=ayvercru
LD_LIBRARY_PATH=/usr/lib/jvm/java-6-openjdk/jre/lib/i386/server:/usr/lib/jvm/java-6-openjdk/jre/lib/i386:/usr/lib/jvm/java-6-openjdk/jre/../lib/i386:/usr/lib/jvm/java-6-openjdk/jre/lib/i386/client:/usr/lib/jvm/java-6-openjdk/jre/lib/i386:
SHELL=/bin/zsh
DISPLAY=:0.0

Signal Handlers:
SIGSEGV: [libjvm.so+0x66b840], sa_mask[0]=0x7ffbfeff, sa_flags=0x10000004
SIGBUS: [libjvm.so+0x66b840], sa_mask[0]=0x7ffbfeff, sa_flags=0x10000004
SIGFPE: [libjvm.so+0x52eb20], sa_mask[0]=0x7ffbfeff, sa_flags=0x10000004
SIGPIPE: [libjvm.so+0x52eb20], sa_mask[0]=0x7ffbfeff, sa_flags=0x10000004
SIGXFSZ: [libjvm.so+0x52eb20], sa_mask[0]=0x7ffbfeff, sa_flags=0x10000004
SIGILL: [libjvm.so+0x52eb20], sa_mask[0]=0x7ffbfeff, sa_flags=0x10000004
SIGUSR1: SIG_DFL, sa_mask[0]=0x00000000, sa_flags=0x00000000
SIGUSR2: [libjvm.so+0x52e9b0], sa_mask[0]=0x00000004, sa_flags=0x10000004
SIGHUP: SIG_DFL, sa_mask[0]=0x00000000, sa_flags=0x00000000
SIGINT: SIG_DFL, sa_mask[0]=0x00000000, sa_flags=0x00000000
SIGTERM: SIG_DFL, sa_mask[0]=0x00000000, sa_flags=0x00000000
SIGQUIT: SIG_DFL, sa_mask[0]=0x00000000, sa_flags=0x00000000


---------------  S Y S T E M  ---------------

OS:Ubuntu 11.10 (oneiric)
uname:Linux 3.0.0-27-generic-pae #44-Ubuntu SMP Tue Oct 16 17:13:32 UTC 2012 i686
libc:glibc 2.13 NPTL 2.13 
rlimit: STACK 8192k, CORE 0k, NPROC 30988, NOFILE 4096, AS infinity
load average:1.57 1.48 1.80

/proc/meminfo:
MemTotal:        3980600 kB
MemFree:          243452 kB
Buffers:           15368 kB
Cached:          1995740 kB
SwapCached:        15936 kB
Active:          2071128 kB
Inactive:        1307196 kB
Active(anon):    1079908 kB
Inactive(anon):   320340 kB
Active(file):     991220 kB
Inactive(file):   986856 kB
Unevictable:          48 kB
Mlocked:              48 kB
HighTotal:       3131896 kB
HighFree:          68724 kB
LowTotal:         848704 kB
LowFree:          174728 kB
SwapTotal:       4036604 kB
SwapFree:        3954052 kB
Dirty:             36392 kB
Writeback:             0 kB
AnonPages:       1354344 kB
Mapped:           128368 kB
Shmem:             33032 kB
Slab:              75472 kB
SReclaimable:      52884 kB
SUnreclaim:        22588 kB
KernelStack:        3992 kB
PageTables:        14604 kB
NFS_Unstable:          0 kB
Bounce:                0 kB
WritebackTmp:          0 kB
CommitLimit:     6026904 kB
Committed_AS:    4070456 kB
VmallocTotal:     122880 kB
VmallocUsed:       27244 kB
VmallocChunk:      77248 kB
HardwareCorrupted:     0 kB
AnonHugePages:         0 kB
HugePages_Total:       0
HugePages_Free:        0
HugePages_Rsvd:        0
HugePages_Surp:        0
Hugepagesize:       2048 kB
DirectMap4k:       26616 kB
DirectMap2M:      886784 kB


CPU:total 4 (2 cores per cpu, 2 threads per core) family 6 model 37 stepping 2, cmov, cx8, fxsr, mmx, sse, sse2, sse3, ssse3, sse4.1, sse4.2, popcnt, ht

Memory: 4k page, physical 3980600k(243452k free), swap 4036604k(3954052k free)

vm_info: OpenJDK Server VM (20.0-b12) for linux-x86 JRE (1.6.0_24-b24), built on Oct 24 2012 16:30:02 by "buildd" with gcc 4.6.1

time: Sun Dec  2 00:42:34 2012
elapsed time: 0 seconds

