#
# A fatal error has been detected by the Java Runtime Environment:
#
#  Internal Error (classFileParser.cpp:3494), pid=3570, tid=3077786480
#  Error: ShouldNotReachHere()
#
# JRE version: 6.0_22-b22
# Java VM: OpenJDK Server VM (20.0-b11 mixed mode linux-x86 )
# Derivative: IcedTea6 1.10.6
# Distribution: Ubuntu 11.04, package 6b22-1.10.6-0ubuntu1
# If you would like to submit a bug report, please include
# instructions how to reproduce the bug and visit:
#   https://bugs.launchpad.net/ubuntu/+source/openjdk-6/
#

---------------  T H R E A D  ---------------

Current thread (0x09354400):  JavaThread "Unknown thread" [_thread_in_vm, id=3576, stack(0xb76e4000,0xb7735000)]

Stack: [0xb76e4000,0xb7735000],  sp=0xb7733840,  free space=318k
Native frames: (J=compiled Java code, j=interpreted, Vv=VM code, C=native code)
V  [libjvm.so+0x6566bf]  VMError::report(outputStream*)+0x145f
V  [libjvm.so+0x6569a2]  VMError::report_and_die()+0x192
V  [libjvm.so+0x29b4ae]  report_vm_error(char const*, int, char const*, char const*)+0x3e
V  [libjvm.so+0x29b5d9]  report_should_not_reach_here(char const*, int)+0x29
V  [libjvm.so+0x235588]  ClassFileParser::parseClassFile(symbolHandle, Handle, Handle, KlassHandle, GrowableArray<Handle>*, symbolHandle&, bool, Thread*)+0x2278
V  [libjvm.so+0x23949b]  ClassLoader::load_classfile(symbolHandle, Thread*)+0x20b
V  [libjvm.so+0x5eb13d]  SystemDictionary::load_instance_class(symbolHandle, Handle, Thread*)+0x48d
V  [libjvm.so+0x5e994d]  SystemDictionary::resolve_instance_class_or_null(symbolHandle, Handle, Handle, Thread*)+0x70d
V  [libjvm.so+0x5ea174]  SystemDictionary::resolve_or_null(symbolHandle, Handle, Handle, Thread*)+0x44
V  [libjvm.so+0x5eb740]  SystemDictionary::resolve_or_fail(symbolHandle, Handle, Handle, bool, Thread*)+0x30
V  [libjvm.so+0x5eb80a]  SystemDictionary::resolve_or_fail(symbolHandle, bool, Thread*)+0x2a
V  [libjvm.so+0x5eb89d]  SystemDictionary::initialize_wk_klass(SystemDictionary::WKID, int, Thread*)+0x8d
V  [libjvm.so+0x5eb8f5]  SystemDictionary::initialize_wk_klasses_until(SystemDictionary::WKID, SystemDictionary::WKID&, Thread*)+0x55
V  [libjvm.so+0x5ef235]  SystemDictionary::initialize_wk_klasses_through(SystemDictionary::WKID, SystemDictionary::WKID&, Thread*)+0x25
V  [libjvm.so+0x5eb9c3]  SystemDictionary::initialize_preloaded_classes(Thread*)+0x73
V  [libjvm.so+0x5ebce1]  SystemDictionary::initialize(Thread*)+0x131
V  [libjvm.so+0x62e3d7]  Universe::genesis(Thread*)+0x117
V  [libjvm.so+0x62ecfc]  universe2_init()+0x2c
V  [libjvm.so+0x358448]  init_globals()+0x98
V  [libjvm.so+0x618ddc]  Threads::create_vm(JavaVMInitArgs*, bool*)+0x1bc
V  [libjvm.so+0x3a6dec]  JNI_CreateJavaVM+0x5c
C  [java+0x1788]  JavaMain+0x88
C  [libpthread.so.0+0x5e99]  start_thread+0xd9


---------------  P R O C E S S  ---------------

Java Threads: ( => current thread )

Other Threads:

=>0x09354400 (exited) JavaThread "Unknown thread" [_thread_in_vm, id=3576, stack(0xb76e4000,0xb7735000)]

VM state:not at safepoint (not fully initialized)

VM Mutex/Monitor currently owned by a thread: None

Dynamic libraries:
00110000-0011b000 r-xp 00000000 08:06 6561965    /usr/lib/jvm/java-6-openjdk/jre/lib/i386/libverify.so
0011b000-0011c000 ---p 0000b000 08:06 6561965    /usr/lib/jvm/java-6-openjdk/jre/lib/i386/libverify.so
0011c000-0011d000 r--p 0000b000 08:06 6561965    /usr/lib/jvm/java-6-openjdk/jre/lib/i386/libverify.so
0011d000-0011e000 rw-p 0000c000 08:06 6561965    /usr/lib/jvm/java-6-openjdk/jre/lib/i386/libverify.so
0011e000-00131000 r-xp 00000000 08:06 263035     /lib/i386-linux-gnu/libnsl-2.13.so
00131000-00132000 r--p 00012000 08:06 263035     /lib/i386-linux-gnu/libnsl-2.13.so
00132000-00133000 rw-p 00013000 08:06 263035     /lib/i386-linux-gnu/libnsl-2.13.so
00133000-00135000 rw-p 00000000 00:00 0 
00135000-0013f000 r-xp 00000000 08:06 263062     /lib/i386-linux-gnu/libnss_files-2.13.so
0013f000-00140000 r--p 00009000 08:06 263062     /lib/i386-linux-gnu/libnss_files-2.13.so
00140000-00141000 rw-p 0000a000 08:06 263062     /lib/i386-linux-gnu/libnss_files-2.13.so
00156000-00179000 r-xp 00000000 08:06 6561881    /usr/lib/jvm/java-6-openjdk/jre/lib/i386/libjava.so
00179000-0017a000 r--p 00022000 08:06 6561881    /usr/lib/jvm/java-6-openjdk/jre/lib/i386/libjava.so
0017a000-0017c000 rw-p 00023000 08:06 6561881    /usr/lib/jvm/java-6-openjdk/jre/lib/i386/libjava.so
001de000-001f1000 r-xp 00000000 08:06 263060     /lib/i386-linux-gnu/libz.so.1.2.3.4
001f1000-001f2000 r--p 00012000 08:06 263060     /lib/i386-linux-gnu/libz.so.1.2.3.4
001f2000-001f3000 rw-p 00013000 08:06 263060     /lib/i386-linux-gnu/libz.so.1.2.3.4
002a5000-00384000 r-xp 00000000 08:06 3807592    /usr/lib/i386-linux-gnu/libstdc++.so.6.0.14
00384000-00388000 r--p 000de000 08:06 3807592    /usr/lib/i386-linux-gnu/libstdc++.so.6.0.14
00388000-00389000 rw-p 000e2000 08:06 3807592    /usr/lib/i386-linux-gnu/libstdc++.so.6.0.14
00389000-00390000 rw-p 00000000 00:00 0 
005de000-005e0000 r-xp 00000000 08:06 263031     /lib/i386-linux-gnu/libdl-2.13.so
005e0000-005e1000 r--p 00001000 08:06 263031     /lib/i386-linux-gnu/libdl-2.13.so
005e1000-005e2000 rw-p 00002000 08:06 263031     /lib/i386-linux-gnu/libdl-2.13.so
00645000-0065a000 r-xp 00000000 08:06 266139     /lib/i386-linux-gnu/libpthread-2.13.so
0065a000-0065b000 r--p 00015000 08:06 266139     /lib/i386-linux-gnu/libpthread-2.13.so
0065b000-0065c000 rw-p 00016000 08:06 266139     /lib/i386-linux-gnu/libpthread-2.13.so
0065c000-0065e000 rw-p 00000000 00:00 0 
006c8000-006e4000 r-xp 00000000 08:06 262305     /lib/i386-linux-gnu/ld-2.13.so
006e4000-006e5000 r--p 0001b000 08:06 262305     /lib/i386-linux-gnu/ld-2.13.so
006e5000-006e6000 rw-p 0001c000 08:06 262305     /lib/i386-linux-gnu/ld-2.13.so
0089f000-008a6000 r-xp 00000000 08:06 266282     /lib/i386-linux-gnu/librt-2.13.so
008a6000-008a7000 r--p 00006000 08:06 266282     /lib/i386-linux-gnu/librt-2.13.so
008a7000-008a8000 rw-p 00007000 08:06 266282     /lib/i386-linux-gnu/librt-2.13.so
008d3000-008d9000 r-xp 00000000 08:06 6561966    /usr/lib/jvm/java-6-openjdk/jre/lib/i386/libzip.so
008d9000-008da000 r--p 00005000 08:06 6561966    /usr/lib/jvm/java-6-openjdk/jre/lib/i386/libzip.so
008da000-008db000 rw-p 00006000 08:06 6561966    /usr/lib/jvm/java-6-openjdk/jre/lib/i386/libzip.so
009d9000-009e2000 r-xp 00000000 08:06 263107     /lib/i386-linux-gnu/libnss_nis-2.13.so
009e2000-009e3000 r--p 00008000 08:06 263107     /lib/i386-linux-gnu/libnss_nis-2.13.so
009e3000-009e4000 rw-p 00009000 08:06 263107     /lib/i386-linux-gnu/libnss_nis-2.13.so
009f5000-00b51000 r-xp 00000000 08:06 262308     /lib/i386-linux-gnu/libc-2.13.so
00b51000-00b53000 r--p 0015c000 08:06 262308     /lib/i386-linux-gnu/libc-2.13.so
00b53000-00b54000 rw-p 0015e000 08:06 262308     /lib/i386-linux-gnu/libc-2.13.so
00b54000-00b57000 rw-p 00000000 00:00 0 
00bed000-00c07000 r-xp 00000000 08:06 263005     /lib/i386-linux-gnu/libgcc_s.so.1
00c07000-00c08000 r--p 00019000 08:06 263005     /lib/i386-linux-gnu/libgcc_s.so.1
00c08000-00c09000 rw-p 0001a000 08:06 263005     /lib/i386-linux-gnu/libgcc_s.so.1
00cbe000-00cbf000 r-xp 00000000 00:00 0          [vdso]
00d4f000-00d55000 r-xp 00000000 08:06 263036     /lib/i386-linux-gnu/libnss_compat-2.13.so
00d55000-00d56000 r--p 00005000 08:06 263036     /lib/i386-linux-gnu/libnss_compat-2.13.so
00d56000-00d57000 rw-p 00006000 08:06 263036     /lib/i386-linux-gnu/libnss_compat-2.13.so
00d5a000-00d7e000 r-xp 00000000 08:06 263033     /lib/i386-linux-gnu/libm-2.13.so
00d7e000-00d7f000 r--p 00023000 08:06 263033     /lib/i386-linux-gnu/libm-2.13.so
00d7f000-00d80000 rw-p 00024000 08:06 263033     /lib/i386-linux-gnu/libm-2.13.so
00ea5000-00ea8000 r-xp 00000000 08:06 6561157    /usr/lib/jvm/java-6-openjdk/jre/lib/i386/jli/libjli.so
00ea8000-00ea9000 r--p 00002000 08:06 6561157    /usr/lib/jvm/java-6-openjdk/jre/lib/i386/jli/libjli.so
00ea9000-00eaa000 rw-p 00003000 08:06 6561157    /usr/lib/jvm/java-6-openjdk/jre/lib/i386/jli/libjli.so
00eaa000-01571000 r-xp 00000000 08:06 6690229    /usr/lib/jvm/java-6-openjdk/jre/lib/i386/server/libjvm.so
01571000-015b6000 r--p 006c6000 08:06 6690229    /usr/lib/jvm/java-6-openjdk/jre/lib/i386/server/libjvm.so
015b6000-015c5000 rw-p 0070b000 08:06 6690229    /usr/lib/jvm/java-6-openjdk/jre/lib/i386/server/libjvm.so
015c5000-019df000 rw-p 00000000 00:00 0 
08048000-08051000 r-xp 00000000 08:06 6427183    /usr/lib/jvm/java-6-openjdk/jre/bin/java
08051000-08052000 r--p 00008000 08:06 6427183    /usr/lib/jvm/java-6-openjdk/jre/bin/java
08052000-08053000 rw-p 00009000 08:06 6427183    /usr/lib/jvm/java-6-openjdk/jre/bin/java
0934d000-0936e000 rw-p 00000000 00:00 0          [heap]
75100000-75163000 rw-p 00000000 00:00 0 
75163000-75200000 ---p 00000000 00:00 0 
75260000-752bf000 r--s 00492000 08:06 7872108    /home/ayvercru/Android SDK/android-sdk-linux/platforms/android-7/android.jar
752bf000-752c0000 ---p 00000000 00:00 0 
752c0000-75340000 rw-p 00000000 00:00 0 
75340000-75341000 ---p 00000000 00:00 0 
75341000-753c1000 rw-p 00000000 00:00 0 
753c1000-753c2000 ---p 00000000 00:00 0 
753c2000-75442000 rw-p 00000000 00:00 0 
75442000-75443000 ---p 00000000 00:00 0 
75443000-754cb000 rw-p 00000000 00:00 0 
754cb000-75503000 rw-p 00000000 00:00 0 
75503000-75516000 rw-p 00000000 00:00 0 
75516000-75628000 rw-p 00000000 00:00 0 
75628000-75630000 rw-p 00000000 00:00 0 
75630000-75668000 rw-p 00000000 00:00 0 
75668000-7567b000 rw-p 00000000 00:00 0 
7567b000-7578c000 rw-p 00000000 00:00 0 
7578c000-75796000 rw-p 00000000 00:00 0 
75796000-7581f000 rw-p 00000000 00:00 0 
7581f000-76820000 rw-p 00000000 00:00 0 
76820000-7d820000 rw-p 00000000 00:00 0 
7d820000-7fcc0000 rw-p 00000000 00:00 0 
7fcc0000-a2180000 rw-p 00000000 00:00 0 
a2180000-a33c0000 rw-p 00000000 00:00 0 
a33c0000-b4620000 rw-p 00000000 00:00 0 
b4624000-b462d000 rw-p 00000000 00:00 0 
b462d000-b46e4000 rw-p 00000000 00:00 0 
b46e4000-b4924000 rwxp 00000000 00:00 0 
b4924000-b76e4000 rw-p 00000000 00:00 0 
b76e4000-b76e7000 ---p 00000000 00:00 0 
b76e7000-b7738000 rw-p 00000000 00:00 0 
b7742000-b774a000 rw-s 00000000 08:06 6428224    /tmp/hsperfdata_ayvercru/3570
b774a000-b774b000 rw-p 00000000 00:00 0 
b774b000-b774c000 r--p 00000000 00:00 0 
b774c000-b774e000 rw-p 00000000 00:00 0 
bfb25000-bfb46000 rw-p 00000000 00:00 0          [stack]

VM Arguments:
jvm_args: -Dfile.encoding=UTF-8 -Xbootclasspath:/home/ayvercru/Android SDK/android-sdk-linux/platforms/android-7/android.jar 
java_command: org.mt4j.AbstractMTApplication
Launcher Type: SUN_STANDARD

Environment Variables:
PATH=/usr/local/sbin:/usr/local/bin:/usr/sbin:/usr/bin:/sbin:/bin:/usr/games
USERNAME=ayvercru
LD_LIBRARY_PATH=/usr/lib/jvm/java-6-openjdk/jre/lib/i386/server:/usr/lib/jvm/java-6-openjdk/jre/lib/i386:/usr/lib/jvm/java-6-openjdk/jre/../lib/i386:/usr/lib/jvm/java-6-openjdk/jre/lib/i386/client:/usr/lib/jvm/java-6-openjdk/jre/lib/i386:/usr/lib/xulrunner-1.9.2.28:/usr/lib/xulrunner-1.9.2.28
SHELL=/bin/bash
DISPLAY=:0.0

Signal Handlers:
SIGSEGV: [libjvm.so+0x657420], sa_mask[0]=0x7ffbfeff, sa_flags=0x10000004
SIGBUS: [libjvm.so+0x657420], sa_mask[0]=0x7ffbfeff, sa_flags=0x10000004
SIGFPE: [libjvm.so+0x51d550], sa_mask[0]=0x7ffbfeff, sa_flags=0x10000004
SIGPIPE: [libjvm.so+0x51d550], sa_mask[0]=0x7ffbfeff, sa_flags=0x10000004
SIGXFSZ: [libjvm.so+0x51d550], sa_mask[0]=0x7ffbfeff, sa_flags=0x10000004
SIGILL: [libjvm.so+0x51d550], sa_mask[0]=0x7ffbfeff, sa_flags=0x10000004
SIGUSR1: SIG_DFL, sa_mask[0]=0x00000000, sa_flags=0x00000000
SIGUSR2: [libjvm.so+0x51d3c0], sa_mask[0]=0x00000004, sa_flags=0x10000004
SIGHUP: SIG_DFL, sa_mask[0]=0x00000000, sa_flags=0x00000000
SIGINT: SIG_DFL, sa_mask[0]=0x00000000, sa_flags=0x00000000
SIGTERM: SIG_DFL, sa_mask[0]=0x00000000, sa_flags=0x00000000
SIGQUIT: SIG_DFL, sa_mask[0]=0x00000000, sa_flags=0x00000000


---------------  S Y S T E M  ---------------

OS:Ubuntu 11.04 (natty)
uname:Linux 2.6.38-14-generic #58-Ubuntu SMP Tue Mar 27 18:48:46 UTC 2012 i686
libc:glibc 2.13 NPTL 2.13 
rlimit: STACK 8192k, CORE 0k, NPROC infinity, NOFILE 4096, AS infinity
load average:0.00 0.01 0.05

/proc/meminfo:
MemTotal:        3595292 kB
MemFree:         2292372 kB
Buffers:          251632 kB
Cached:           567692 kB
SwapCached:            0 kB
Active:           623528 kB
Inactive:         536028 kB
Active(anon):     343224 kB
Inactive(anon):     7252 kB
Active(file):     280304 kB
Inactive(file):   528776 kB
Unevictable:          32 kB
Mlocked:              32 kB
HighTotal:       2742776 kB
HighFree:        1817364 kB
LowTotal:         852516 kB
LowFree:          475008 kB
SwapTotal:       4036604 kB
SwapFree:        4036604 kB
Dirty:                52 kB
Writeback:             0 kB
AnonPages:        340676 kB
Mapped:            97344 kB
Shmem:              9892 kB
Slab:              94432 kB
SReclaimable:      77344 kB
SUnreclaim:        17088 kB
KernelStack:        2504 kB
PageTables:         5308 kB
NFS_Unstable:          0 kB
Bounce:                0 kB
WritebackTmp:          0 kB
CommitLimit:     5834248 kB
Committed_AS:    1397756 kB
VmallocTotal:     122880 kB
VmallocUsed:       31768 kB
VmallocChunk:      85560 kB
HardwareCorrupted:     0 kB
HugePages_Total:       0
HugePages_Free:        0
HugePages_Rsvd:        0
HugePages_Surp:        0
Hugepagesize:       4096 kB
DirectMap4k:       12280 kB
DirectMap4M:      897024 kB


CPU:total 4 (2 cores per cpu, 2 threads per core) family 6 model 37 stepping 2, cmov, cx8, fxsr, mmx, sse, sse2, sse3, ssse3, sse4.1, sse4.2, popcnt, ht

Memory: 4k page, physical 3595292k(2292372k free), swap 4036604k(4036604k free)

vm_info: OpenJDK Server VM (20.0-b11) for linux-x86 JRE (1.6.0_22-b22), built on Feb 21 2012 00:20:24 by "buildd" with gcc 4.5.2

time: Tue May  1 23:41:29 2012
elapsed time: 0 seconds

