#
# A fatal error has been detected by the Java Runtime Environment:
#
#  Internal Error (classFileParser.cpp:3494), pid=9102, tid=3061500784
#  Error: ShouldNotReachHere()
#
# JRE version: 6.0_24-b24
# Java VM: OpenJDK Server VM (20.0-b12 mixed mode linux-x86 )
# Derivative: IcedTea6 1.11.5
# Distribution: Ubuntu 11.10, package 6b24-1.11.5-0ubuntu1~11.10.1
# If you would like to submit a bug report, please include
# instructions how to reproduce the bug and visit:
#   https://bugs.launchpad.net/ubuntu/+source/openjdk-6/
#

---------------  T H R E A D  ---------------

Current thread (0x08aa7400):  JavaThread "Unknown thread" [_thread_in_vm, id=9107, stack(0xb675c000,0xb67ad000)]

Stack: [0xb675c000,0xb67ad000]
[error occurred during error reporting (printing stack bounds), id 0xb]


[error occurred during error reporting (printing native stack), id 0xb]


---------------  P R O C E S S  ---------------

Java Threads: ( => current thread )

Other Threads:

=>0x08aa7400 (exited) JavaThread "Unknown thread" [_thread_in_vm, id=9107, stack(0xb675c000,0xb67ad000)]

VM state:not at safepoint (not fully initialized)

VM Mutex/Monitor currently owned by a thread: None

Dynamic libraries:
08048000-08051000 r-xp 00000000 08:06 6428746    /usr/lib/jvm/java-6-openjdk/jre/bin/java
08051000-08052000 r--p 00008000 08:06 6428746    /usr/lib/jvm/java-6-openjdk/jre/bin/java
08052000-08053000 rw-p 00009000 08:06 6428746    /usr/lib/jvm/java-6-openjdk/jre/bin/java
08aa0000-08b0a000 rw-p 00000000 00:00 0          [heap]
6e29b000-6e300000 r--s 004cb000 08:06 7750299    /home/ayvercru/Android SDK/android-sdk-linux/platforms/android-8/android.jar
6e300000-6e321000 rw-p 00000000 00:00 0 
6e321000-6e400000 ---p 00000000 00:00 0 
6e461000-6e462000 ---p 00000000 00:00 0 
6e462000-6e4e2000 rw-p 00000000 00:00 0 
6e4e2000-6e4e3000 ---p 00000000 00:00 0 
6e4e3000-6e563000 rw-p 00000000 00:00 0 
6e563000-6e564000 ---p 00000000 00:00 0 
6e564000-6e5e4000 rw-p 00000000 00:00 0 
6e5e4000-6e5e5000 ---p 00000000 00:00 0 
6e5e5000-6e66d000 rw-p 00000000 00:00 0 
6e66d000-6e6a5000 rw-p 00000000 00:00 0 
6e6a5000-6e6ba000 rw-p 00000000 00:00 0 
6e6ba000-6e7e9000 rw-p 00000000 00:00 0 
6e7e9000-6e7f1000 rw-p 00000000 00:00 0 
6e7f1000-6e829000 rw-p 00000000 00:00 0 
6e829000-6e83e000 rw-p 00000000 00:00 0 
6e83e000-6e96d000 rw-p 00000000 00:00 0 
6e96d000-6e978000 rw-p 00000000 00:00 0 
6e978000-6ea0f000 rw-p 00000000 00:00 0 
6ea0f000-6fa10000 rw-p 00000000 00:00 0 
6fa10000-76a10000 rw-p 00000000 00:00 0 
76a10000-79290000 rw-p 00000000 00:00 0 
79290000-9f210000 rw-p 00000000 00:00 0 
9f210000-a0650000 rw-p 00000000 00:00 0 
a0650000-b3610000 rw-p 00000000 00:00 0 
b3618000-b3621000 rw-p 00000000 00:00 0 
b3621000-b36d8000 rw-p 00000000 00:00 0 
b36d8000-b3918000 rwxp 00000000 00:00 0 
b3918000-b66d8000 rw-p 00000000 00:00 0 
b66d8000-b66e3000 r-xp 00000000 08:06 262458     /lib/i386-linux-gnu/libnss_files-2.13.so
b66e3000-b66e4000 r--p 0000a000 08:06 262458     /lib/i386-linux-gnu/libnss_files-2.13.so
b66e4000-b66e5000 rw-p 0000b000 08:06 262458     /lib/i386-linux-gnu/libnss_files-2.13.so
b66e5000-b66ef000 r-xp 00000000 08:06 262445     /lib/i386-linux-gnu/libnss_nis-2.13.so
b66ef000-b66f0000 r--p 00009000 08:06 262445     /lib/i386-linux-gnu/libnss_nis-2.13.so
b66f0000-b66f1000 rw-p 0000a000 08:06 262445     /lib/i386-linux-gnu/libnss_nis-2.13.so
b66f1000-b6706000 r-xp 00000000 08:06 262442     /lib/i386-linux-gnu/libnsl-2.13.so
b6706000-b6707000 r--p 00015000 08:06 262442     /lib/i386-linux-gnu/libnsl-2.13.so
b6707000-b6708000 rw-p 00016000 08:06 262442     /lib/i386-linux-gnu/libnsl-2.13.so
b6708000-b670a000 rw-p 00000000 00:00 0 
b670a000-b6712000 r-xp 00000000 08:06 262446     /lib/i386-linux-gnu/libnss_compat-2.13.so
b6712000-b6713000 r--p 00007000 08:06 262446     /lib/i386-linux-gnu/libnss_compat-2.13.so
b6713000-b6714000 rw-p 00008000 08:06 262446     /lib/i386-linux-gnu/libnss_compat-2.13.so
b6719000-b6720000 r-xp 00000000 08:06 6566526    /usr/lib/jvm/java-6-openjdk/jre/lib/i386/libzip.so
b6720000-b6721000 r--p 00006000 08:06 6566526    /usr/lib/jvm/java-6-openjdk/jre/lib/i386/libzip.so
b6721000-b6722000 rw-p 00007000 08:06 6566526    /usr/lib/jvm/java-6-openjdk/jre/lib/i386/libzip.so
b6722000-b672a000 rw-s 00000000 08:06 6422586    /tmp/hsperfdata_ayvercru/9102
b672a000-b6750000 r-xp 00000000 08:06 6566553    /usr/lib/jvm/java-6-openjdk/jre/lib/i386/libjava.so
b6750000-b6751000 r--p 00025000 08:06 6566553    /usr/lib/jvm/java-6-openjdk/jre/lib/i386/libjava.so
b6751000-b6753000 rw-p 00026000 08:06 6566553    /usr/lib/jvm/java-6-openjdk/jre/lib/i386/libjava.so
b6753000-b675a000 r-xp 00000000 08:06 262439     /lib/i386-linux-gnu/librt-2.13.so
b675a000-b675b000 r--p 00006000 08:06 262439     /lib/i386-linux-gnu/librt-2.13.so
b675b000-b675c000 rw-p 00007000 08:06 262439     /lib/i386-linux-gnu/librt-2.13.so
b675c000-b675f000 ---p 00000000 00:00 0 
b675f000-b67ad000 rw-p 00000000 00:00 0 
b67ad000-b67c9000 r-xp 00000000 08:06 262299     /lib/i386-linux-gnu/libgcc_s.so.1
b67c9000-b67ca000 r--p 0001b000 08:06 262299     /lib/i386-linux-gnu/libgcc_s.so.1
b67ca000-b67cb000 rw-p 0001c000 08:06 262299     /lib/i386-linux-gnu/libgcc_s.so.1
b67cb000-b67f3000 r-xp 00000000 08:06 262455     /lib/i386-linux-gnu/libm-2.13.so
b67f3000-b67f4000 r--p 00028000 08:06 262455     /lib/i386-linux-gnu/libm-2.13.so
b67f4000-b67f5000 rw-p 00029000 08:06 262455     /lib/i386-linux-gnu/libm-2.13.so
b67f5000-b68d3000 r-xp 00000000 08:06 3801132    /usr/lib/i386-linux-gnu/libstdc++.so.6.0.16
b68d3000-b68d4000 ---p 000de000 08:06 3801132    /usr/lib/i386-linux-gnu/libstdc++.so.6.0.16
b68d4000-b68d8000 r--p 000de000 08:06 3801132    /usr/lib/i386-linux-gnu/libstdc++.so.6.0.16
b68d8000-b68d9000 rw-p 000e2000 08:06 3801132    /usr/lib/i386-linux-gnu/libstdc++.so.6.0.16
b68d9000-b68e0000 rw-p 00000000 00:00 0 
b68e0000-b7100000 r-xp 00000000 08:06 6686069    /usr/lib/jvm/java-6-openjdk/jre/lib/i386/server/libjvm.so
b7100000-b7145000 r--p 0081f000 08:06 6686069    /usr/lib/jvm/java-6-openjdk/jre/lib/i386/server/libjvm.so
b7145000-b7154000 rw-p 00864000 08:06 6686069    /usr/lib/jvm/java-6-openjdk/jre/lib/i386/server/libjvm.so
b7154000-b7570000 rw-p 00000000 00:00 0 
b7570000-b7583000 r-xp 00000000 08:06 263060     /lib/i386-linux-gnu/libz.so.1.2.3.4
b7583000-b7584000 r--p 00012000 08:06 263060     /lib/i386-linux-gnu/libz.so.1.2.3.4
b7584000-b7585000 rw-p 00013000 08:06 263060     /lib/i386-linux-gnu/libz.so.1.2.3.4
b7585000-b7701000 r-xp 00000000 08:06 262436     /lib/i386-linux-gnu/libc-2.13.so
b7701000-b7703000 r--p 0017c000 08:06 262436     /lib/i386-linux-gnu/libc-2.13.so
b7703000-b7704000 rw-p 0017e000 08:06 262436     /lib/i386-linux-gnu/libc-2.13.so
b7704000-b7707000 rw-p 00000000 00:00 0 
b7707000-b770a000 r-xp 00000000 08:06 262453     /lib/i386-linux-gnu/libdl-2.13.so
b770a000-b770b000 r--p 00002000 08:06 262453     /lib/i386-linux-gnu/libdl-2.13.so
b770b000-b770c000 rw-p 00003000 08:06 262453     /lib/i386-linux-gnu/libdl-2.13.so
b770c000-b7710000 r-xp 00000000 08:06 6566547    /usr/lib/jvm/java-6-openjdk/jre/lib/i386/jli/libjli.so
b7710000-b7711000 r--p 00003000 08:06 6566547    /usr/lib/jvm/java-6-openjdk/jre/lib/i386/jli/libjli.so
b7711000-b7712000 rw-p 00004000 08:06 6566547    /usr/lib/jvm/java-6-openjdk/jre/lib/i386/jli/libjli.so
b7712000-b7713000 rw-p 00000000 00:00 0 
b7713000-b772a000 r-xp 00000000 08:06 262451     /lib/i386-linux-gnu/libpthread-2.13.so
b772a000-b772b000 r--p 00016000 08:06 262451     /lib/i386-linux-gnu/libpthread-2.13.so
b772b000-b772c000 rw-p 00017000 08:06 262451     /lib/i386-linux-gnu/libpthread-2.13.so
b772c000-b772e000 rw-p 00000000 00:00 0 
b7734000-b7735000 rw-p 00000000 00:00 0 
b7735000-b7736000 r--p 00000000 00:00 0 
b7736000-b7741000 r-xp 00000000 08:06 6566533    /usr/lib/jvm/java-6-openjdk/jre/lib/i386/libverify.so
b7741000-b7742000 ---p 0000b000 08:06 6566533    /usr/lib/jvm/java-6-openjdk/jre/lib/i386/libverify.so
b7742000-b7743000 r--p 0000b000 08:06 6566533    /usr/lib/jvm/java-6-openjdk/jre/lib/i386/libverify.so
b7743000-b7744000 rw-p 0000c000 08:06 6566533    /usr/lib/jvm/java-6-openjdk/jre/lib/i386/libverify.so
b7744000-b7746000 rw-p 00000000 00:00 0 
b7746000-b7747000 r-xp 00000000 00:00 0          [vdso]
b7747000-b7765000 r-xp 00000000 08:06 262456     /lib/i386-linux-gnu/ld-2.13.so
b7765000-b7766000 r--p 0001d000 08:06 262456     /lib/i386-linux-gnu/ld-2.13.so
b7766000-b7767000 rw-p 0001e000 08:06 262456     /lib/i386-linux-gnu/ld-2.13.so
bfa81000-bfaa2000 rw-p 00000000 00:00 0          [stack]

VM Arguments:
jvm_args: -Dfile.encoding=UTF-8 -Xbootclasspath:/home/ayvercru/Android SDK/android-sdk-linux/platforms/android-8/android.jar 
java_command: vub.templates.templateReader
Launcher Type: SUN_STANDARD

Environment Variables:
PATH=/usr/lib/lightdm/lightdm:/usr/local/sbin:/usr/local/bin:/usr/sbin:/usr/bin:/sbin:/bin:/usr/games
USERNAME=ayvercru
LD_LIBRARY_PATH=/usr/lib/jvm/java-6-openjdk/jre/lib/i386/server:/usr/lib/jvm/java-6-openjdk/jre/lib/i386:/usr/lib/jvm/java-6-openjdk/jre/../lib/i386:/usr/lib/jvm/java-6-openjdk/jre/lib/i386/client:/usr/lib/jvm/java-6-openjdk/jre/lib/i386:
SHELL=/bin/zsh
DISPLAY=:0.0

Signal Handlers:
SIGSEGV: [libjvm.so+0x66b840], sa_mask[0]=0x7ffbfeff, sa_flags=0x10000004
SIGBUS: [libjvm.so+0x66b840], sa_mask[0]=0x7ffbfeff, sa_flags=0x10000004
SIGFPE: [libjvm.so+0x52eb20], sa_mask[0]=0x7ffbfeff, sa_flags=0x10000004
SIGPIPE: [libjvm.so+0x52eb20], sa_mask[0]=0x7ffbfeff, sa_flags=0x10000004
SIGXFSZ: [libjvm.so+0x52eb20], sa_mask[0]=0x7ffbfeff, sa_flags=0x10000004
SIGILL: [libjvm.so+0x52eb20], sa_mask[0]=0x7ffbfeff, sa_flags=0x10000004
SIGUSR1: SIG_DFL, sa_mask[0]=0x00000000, sa_flags=0x00000000
SIGUSR2: [libjvm.so+0x52e9b0], sa_mask[0]=0x00000004, sa_flags=0x10000004
SIGHUP: SIG_DFL, sa_mask[0]=0x00000000, sa_flags=0x00000000
SIGINT: SIG_DFL, sa_mask[0]=0x00000000, sa_flags=0x00000000
SIGTERM: SIG_DFL, sa_mask[0]=0x00000000, sa_flags=0x00000000
SIGQUIT: SIG_DFL, sa_mask[0]=0x00000000, sa_flags=0x00000000


---------------  S Y S T E M  ---------------

OS:Ubuntu 11.10 (oneiric)
uname:Linux 3.0.0-27-generic-pae #44-Ubuntu SMP Tue Oct 16 17:13:32 UTC 2012 i686
libc:glibc 2.13 NPTL 2.13 
rlimit: STACK 8192k, CORE 0k, NPROC 30988, NOFILE 4096, AS infinity
load average:1.57 1.57 1.77

/proc/meminfo:
MemTotal:        3980600 kB
MemFree:          218676 kB
Buffers:           18220 kB
Cached:          1987872 kB
SwapCached:        16000 kB
Active:          2130528 kB
Inactive:        1272516 kB
Active(anon):    1106876 kB
Inactive(anon):   320136 kB
Active(file):    1023652 kB
Inactive(file):   952380 kB
Unevictable:          48 kB
Mlocked:              48 kB
HighTotal:       3131896 kB
HighFree:          38964 kB
LowTotal:         848704 kB
LowFree:          179712 kB
SwapTotal:       4036604 kB
SwapFree:        3950684 kB
Dirty:             34576 kB
Writeback:             0 kB
AnonPages:       1384076 kB
Mapped:           125464 kB
Shmem:             30032 kB
Slab:              74940 kB
SReclaimable:      52504 kB
SUnreclaim:        22436 kB
KernelStack:        4040 kB
PageTables:        14904 kB
NFS_Unstable:          0 kB
Bounce:                0 kB
WritebackTmp:          0 kB
CommitLimit:     6026904 kB
Committed_AS:    4126436 kB
VmallocTotal:     122880 kB
VmallocUsed:       27244 kB
VmallocChunk:      77248 kB
HardwareCorrupted:     0 kB
AnonHugePages:         0 kB
HugePages_Total:       0
HugePages_Free:        0
HugePages_Rsvd:        0
HugePages_Surp:        0
Hugepagesize:       2048 kB
DirectMap4k:       26616 kB
DirectMap2M:      886784 kB


CPU:total 4 (2 cores per cpu, 2 threads per core) family 6 model 37 stepping 2, cmov, cx8, fxsr, mmx, sse, sse2, sse3, ssse3, sse4.1, sse4.2, popcnt, ht

Memory: 4k page, physical 3980600k(218676k free), swap 4036604k(3950684k free)

vm_info: OpenJDK Server VM (20.0-b12) for linux-x86 JRE (1.6.0_24-b24), built on Oct 24 2012 16:30:02 by "buildd" with gcc 4.6.1

time: Sun Dec  2 00:46:00 2012
elapsed time: 0 seconds

