#
# A fatal error has been detected by the Java Runtime Environment:
#
#  Internal Error (classFileParser.cpp:3494), pid=8878, tid=3061214064
#  Error: ShouldNotReachHere()
#
# JRE version: 6.0_24-b24
# Java VM: OpenJDK Server VM (20.0-b12 mixed mode linux-x86 )
# Derivative: IcedTea6 1.11.5
# Distribution: Ubuntu 11.10, package 6b24-1.11.5-0ubuntu1~11.10.1
# If you would like to submit a bug report, please include
# instructions how to reproduce the bug and visit:
#   https://bugs.launchpad.net/ubuntu/+source/openjdk-6/
#

---------------  T H R E A D  ---------------

Current thread (0x0812c400):  JavaThread "Unknown thread" [_thread_in_vm, id=8884, stack(0xb6716000,0xb6767000)]

Stack: [0xb6716000,0xb6767000]
[error occurred during error reporting (printing stack bounds), id 0xb]


[error occurred during error reporting (printing native stack), id 0xb]


---------------  P R O C E S S  ---------------

Java Threads: ( => current thread )

Other Threads:

=>0x0812c400 (exited) JavaThread "Unknown thread" [_thread_in_vm, id=8884, stack(0xb6716000,0xb6767000)]

VM state:not at safepoint (not fully initialized)

VM Mutex/Monitor currently owned by a thread: None

Dynamic libraries:
08048000-08051000 r-xp 00000000 08:06 6428746    /usr/lib/jvm/java-6-openjdk/jre/bin/java
08051000-08052000 r--p 00008000 08:06 6428746    /usr/lib/jvm/java-6-openjdk/jre/bin/java
08052000-08053000 rw-p 00009000 08:06 6428746    /usr/lib/jvm/java-6-openjdk/jre/bin/java
08125000-0818f000 rw-p 00000000 00:00 0          [heap]
6e29b000-6e300000 r--s 004cb000 08:06 7750299    /home/ayvercru/Android SDK/android-sdk-linux/platforms/android-8/android.jar
6e300000-6e321000 rw-p 00000000 00:00 0 
6e321000-6e400000 ---p 00000000 00:00 0 
6e421000-6e422000 ---p 00000000 00:00 0 
6e422000-6e4a2000 rw-p 00000000 00:00 0 
6e4a2000-6e4a3000 ---p 00000000 00:00 0 
6e4a3000-6e523000 rw-p 00000000 00:00 0 
6e523000-6e524000 ---p 00000000 00:00 0 
6e524000-6e5a4000 rw-p 00000000 00:00 0 
6e5a4000-6e5a5000 ---p 00000000 00:00 0 
6e5a5000-6e62d000 rw-p 00000000 00:00 0 
6e62d000-6e665000 rw-p 00000000 00:00 0 
6e665000-6e67a000 rw-p 00000000 00:00 0 
6e67a000-6e7a9000 rw-p 00000000 00:00 0 
6e7a9000-6e7b1000 rw-p 00000000 00:00 0 
6e7b1000-6e7e9000 rw-p 00000000 00:00 0 
6e7e9000-6e7fe000 rw-p 00000000 00:00 0 
6e7fe000-6e92d000 rw-p 00000000 00:00 0 
6e92d000-6e938000 rw-p 00000000 00:00 0 
6e938000-6e9cf000 rw-p 00000000 00:00 0 
6e9cf000-6f9d0000 rw-p 00000000 00:00 0 
6f9d0000-769d0000 rw-p 00000000 00:00 0 
769d0000-79250000 rw-p 00000000 00:00 0 
79250000-9f1d0000 rw-p 00000000 00:00 0 
9f1d0000-a0610000 rw-p 00000000 00:00 0 
a0610000-b35d0000 rw-p 00000000 00:00 0 
b35d2000-b35db000 rw-p 00000000 00:00 0 
b35db000-b3692000 rw-p 00000000 00:00 0 
b3692000-b38d2000 rwxp 00000000 00:00 0 
b38d2000-b6692000 rw-p 00000000 00:00 0 
b6692000-b669d000 r-xp 00000000 08:06 262458     /lib/i386-linux-gnu/libnss_files-2.13.so
b669d000-b669e000 r--p 0000a000 08:06 262458     /lib/i386-linux-gnu/libnss_files-2.13.so
b669e000-b669f000 rw-p 0000b000 08:06 262458     /lib/i386-linux-gnu/libnss_files-2.13.so
b669f000-b66a9000 r-xp 00000000 08:06 262445     /lib/i386-linux-gnu/libnss_nis-2.13.so
b66a9000-b66aa000 r--p 00009000 08:06 262445     /lib/i386-linux-gnu/libnss_nis-2.13.so
b66aa000-b66ab000 rw-p 0000a000 08:06 262445     /lib/i386-linux-gnu/libnss_nis-2.13.so
b66ab000-b66c0000 r-xp 00000000 08:06 262442     /lib/i386-linux-gnu/libnsl-2.13.so
b66c0000-b66c1000 r--p 00015000 08:06 262442     /lib/i386-linux-gnu/libnsl-2.13.so
b66c1000-b66c2000 rw-p 00016000 08:06 262442     /lib/i386-linux-gnu/libnsl-2.13.so
b66c2000-b66c4000 rw-p 00000000 00:00 0 
b66c4000-b66cc000 r-xp 00000000 08:06 262446     /lib/i386-linux-gnu/libnss_compat-2.13.so
b66cc000-b66cd000 r--p 00007000 08:06 262446     /lib/i386-linux-gnu/libnss_compat-2.13.so
b66cd000-b66ce000 rw-p 00008000 08:06 262446     /lib/i386-linux-gnu/libnss_compat-2.13.so
b66d3000-b66da000 r-xp 00000000 08:06 6566526    /usr/lib/jvm/java-6-openjdk/jre/lib/i386/libzip.so
b66da000-b66db000 r--p 00006000 08:06 6566526    /usr/lib/jvm/java-6-openjdk/jre/lib/i386/libzip.so
b66db000-b66dc000 rw-p 00007000 08:06 6566526    /usr/lib/jvm/java-6-openjdk/jre/lib/i386/libzip.so
b66dc000-b66e4000 rw-s 00000000 08:06 6422580    /tmp/hsperfdata_ayvercru/8878
b66e4000-b670a000 r-xp 00000000 08:06 6566553    /usr/lib/jvm/java-6-openjdk/jre/lib/i386/libjava.so
b670a000-b670b000 r--p 00025000 08:06 6566553    /usr/lib/jvm/java-6-openjdk/jre/lib/i386/libjava.so
b670b000-b670d000 rw-p 00026000 08:06 6566553    /usr/lib/jvm/java-6-openjdk/jre/lib/i386/libjava.so
b670d000-b6714000 r-xp 00000000 08:06 262439     /lib/i386-linux-gnu/librt-2.13.so
b6714000-b6715000 r--p 00006000 08:06 262439     /lib/i386-linux-gnu/librt-2.13.so
b6715000-b6716000 rw-p 00007000 08:06 262439     /lib/i386-linux-gnu/librt-2.13.so
b6716000-b6719000 ---p 00000000 00:00 0 
b6719000-b6767000 rw-p 00000000 00:00 0 
b6767000-b6783000 r-xp 00000000 08:06 262299     /lib/i386-linux-gnu/libgcc_s.so.1
b6783000-b6784000 r--p 0001b000 08:06 262299     /lib/i386-linux-gnu/libgcc_s.so.1
b6784000-b6785000 rw-p 0001c000 08:06 262299     /lib/i386-linux-gnu/libgcc_s.so.1
b6785000-b67ad000 r-xp 00000000 08:06 262455     /lib/i386-linux-gnu/libm-2.13.so
b67ad000-b67ae000 r--p 00028000 08:06 262455     /lib/i386-linux-gnu/libm-2.13.so
b67ae000-b67af000 rw-p 00029000 08:06 262455     /lib/i386-linux-gnu/libm-2.13.so
b67af000-b688d000 r-xp 00000000 08:06 3801132    /usr/lib/i386-linux-gnu/libstdc++.so.6.0.16
b688d000-b688e000 ---p 000de000 08:06 3801132    /usr/lib/i386-linux-gnu/libstdc++.so.6.0.16
b688e000-b6892000 r--p 000de000 08:06 3801132    /usr/lib/i386-linux-gnu/libstdc++.so.6.0.16
b6892000-b6893000 rw-p 000e2000 08:06 3801132    /usr/lib/i386-linux-gnu/libstdc++.so.6.0.16
b6893000-b689a000 rw-p 00000000 00:00 0 
b689a000-b70ba000 r-xp 00000000 08:06 6686069    /usr/lib/jvm/java-6-openjdk/jre/lib/i386/server/libjvm.so
b70ba000-b70ff000 r--p 0081f000 08:06 6686069    /usr/lib/jvm/java-6-openjdk/jre/lib/i386/server/libjvm.so
b70ff000-b710e000 rw-p 00864000 08:06 6686069    /usr/lib/jvm/java-6-openjdk/jre/lib/i386/server/libjvm.so
b710e000-b752a000 rw-p 00000000 00:00 0 
b752a000-b753d000 r-xp 00000000 08:06 263060     /lib/i386-linux-gnu/libz.so.1.2.3.4
b753d000-b753e000 r--p 00012000 08:06 263060     /lib/i386-linux-gnu/libz.so.1.2.3.4
b753e000-b753f000 rw-p 00013000 08:06 263060     /lib/i386-linux-gnu/libz.so.1.2.3.4
b753f000-b76bb000 r-xp 00000000 08:06 262436     /lib/i386-linux-gnu/libc-2.13.so
b76bb000-b76bd000 r--p 0017c000 08:06 262436     /lib/i386-linux-gnu/libc-2.13.so
b76bd000-b76be000 rw-p 0017e000 08:06 262436     /lib/i386-linux-gnu/libc-2.13.so
b76be000-b76c1000 rw-p 00000000 00:00 0 
b76c1000-b76c4000 r-xp 00000000 08:06 262453     /lib/i386-linux-gnu/libdl-2.13.so
b76c4000-b76c5000 r--p 00002000 08:06 262453     /lib/i386-linux-gnu/libdl-2.13.so
b76c5000-b76c6000 rw-p 00003000 08:06 262453     /lib/i386-linux-gnu/libdl-2.13.so
b76c6000-b76ca000 r-xp 00000000 08:06 6566547    /usr/lib/jvm/java-6-openjdk/jre/lib/i386/jli/libjli.so
b76ca000-b76cb000 r--p 00003000 08:06 6566547    /usr/lib/jvm/java-6-openjdk/jre/lib/i386/jli/libjli.so
b76cb000-b76cc000 rw-p 00004000 08:06 6566547    /usr/lib/jvm/java-6-openjdk/jre/lib/i386/jli/libjli.so
b76cc000-b76cd000 rw-p 00000000 00:00 0 
b76cd000-b76e4000 r-xp 00000000 08:06 262451     /lib/i386-linux-gnu/libpthread-2.13.so
b76e4000-b76e5000 r--p 00016000 08:06 262451     /lib/i386-linux-gnu/libpthread-2.13.so
b76e5000-b76e6000 rw-p 00017000 08:06 262451     /lib/i386-linux-gnu/libpthread-2.13.so
b76e6000-b76e8000 rw-p 00000000 00:00 0 
b76ee000-b76ef000 rw-p 00000000 00:00 0 
b76ef000-b76f0000 r--p 00000000 00:00 0 
b76f0000-b76fb000 r-xp 00000000 08:06 6566533    /usr/lib/jvm/java-6-openjdk/jre/lib/i386/libverify.so
b76fb000-b76fc000 ---p 0000b000 08:06 6566533    /usr/lib/jvm/java-6-openjdk/jre/lib/i386/libverify.so
b76fc000-b76fd000 r--p 0000b000 08:06 6566533    /usr/lib/jvm/java-6-openjdk/jre/lib/i386/libverify.so
b76fd000-b76fe000 rw-p 0000c000 08:06 6566533    /usr/lib/jvm/java-6-openjdk/jre/lib/i386/libverify.so
b76fe000-b7700000 rw-p 00000000 00:00 0 
b7700000-b7701000 r-xp 00000000 00:00 0          [vdso]
b7701000-b771f000 r-xp 00000000 08:06 262456     /lib/i386-linux-gnu/ld-2.13.so
b771f000-b7720000 r--p 0001d000 08:06 262456     /lib/i386-linux-gnu/ld-2.13.so
b7720000-b7721000 rw-p 0001e000 08:06 262456     /lib/i386-linux-gnu/ld-2.13.so
bfabf000-bfae0000 rw-p 00000000 00:00 0          [stack]

VM Arguments:
jvm_args: -Dfile.encoding=UTF-8 -Xbootclasspath:/home/ayvercru/Android SDK/android-sdk-linux/platforms/android-8/android.jar 
java_command: vub.templates.templateReader
Launcher Type: SUN_STANDARD

Environment Variables:
PATH=/usr/lib/lightdm/lightdm:/usr/local/sbin:/usr/local/bin:/usr/sbin:/usr/bin:/sbin:/bin:/usr/games
USERNAME=ayvercru
LD_LIBRARY_PATH=/usr/lib/jvm/java-6-openjdk/jre/lib/i386/server:/usr/lib/jvm/java-6-openjdk/jre/lib/i386:/usr/lib/jvm/java-6-openjdk/jre/../lib/i386:/usr/lib/jvm/java-6-openjdk/jre/lib/i386/client:/usr/lib/jvm/java-6-openjdk/jre/lib/i386:
SHELL=/bin/zsh
DISPLAY=:0.0

Signal Handlers:
SIGSEGV: [libjvm.so+0x66b840], sa_mask[0]=0x7ffbfeff, sa_flags=0x10000004
SIGBUS: [libjvm.so+0x66b840], sa_mask[0]=0x7ffbfeff, sa_flags=0x10000004
SIGFPE: [libjvm.so+0x52eb20], sa_mask[0]=0x7ffbfeff, sa_flags=0x10000004
SIGPIPE: [libjvm.so+0x52eb20], sa_mask[0]=0x7ffbfeff, sa_flags=0x10000004
SIGXFSZ: [libjvm.so+0x52eb20], sa_mask[0]=0x7ffbfeff, sa_flags=0x10000004
SIGILL: [libjvm.so+0x52eb20], sa_mask[0]=0x7ffbfeff, sa_flags=0x10000004
SIGUSR1: SIG_DFL, sa_mask[0]=0x00000000, sa_flags=0x00000000
SIGUSR2: [libjvm.so+0x52e9b0], sa_mask[0]=0x00000004, sa_flags=0x10000004
SIGHUP: SIG_DFL, sa_mask[0]=0x00000000, sa_flags=0x00000000
SIGINT: SIG_DFL, sa_mask[0]=0x00000000, sa_flags=0x00000000
SIGTERM: SIG_DFL, sa_mask[0]=0x00000000, sa_flags=0x00000000
SIGQUIT: SIG_DFL, sa_mask[0]=0x00000000, sa_flags=0x00000000


---------------  S Y S T E M  ---------------

OS:Ubuntu 11.10 (oneiric)
uname:Linux 3.0.0-27-generic-pae #44-Ubuntu SMP Tue Oct 16 17:13:32 UTC 2012 i686
libc:glibc 2.13 NPTL 2.13 
rlimit: STACK 8192k, CORE 0k, NPROC 30988, NOFILE 4096, AS infinity
load average:1.21 1.46 1.83

/proc/meminfo:
MemTotal:        3980600 kB
MemFree:          245076 kB
Buffers:           15768 kB
Cached:          1984228 kB
SwapCached:        15800 kB
Active:          2086556 kB
Inactive:        1290828 kB
Active(anon):    1091828 kB
Inactive(anon):   318732 kB
Active(file):     994728 kB
Inactive(file):   972096 kB
Unevictable:          48 kB
Mlocked:              48 kB
HighTotal:       3131896 kB
HighFree:          58556 kB
LowTotal:         848704 kB
LowFree:          186520 kB
SwapTotal:       4036604 kB
SwapFree:        3955320 kB
Dirty:             15480 kB
Writeback:             0 kB
AnonPages:       1364832 kB
Mapped:           130124 kB
Shmem:             33008 kB
Slab:              75488 kB
SReclaimable:      53052 kB
SUnreclaim:        22436 kB
KernelStack:        4040 kB
PageTables:        14636 kB
NFS_Unstable:          0 kB
Bounce:                0 kB
WritebackTmp:          0 kB
CommitLimit:     6026904 kB
Committed_AS:    4064224 kB
VmallocTotal:     122880 kB
VmallocUsed:       27244 kB
VmallocChunk:      77248 kB
HardwareCorrupted:     0 kB
AnonHugePages:         0 kB
HugePages_Total:       0
HugePages_Free:        0
HugePages_Rsvd:        0
HugePages_Surp:        0
Hugepagesize:       2048 kB
DirectMap4k:       26616 kB
DirectMap2M:      886784 kB


CPU:total 4 (2 cores per cpu, 2 threads per core) family 6 model 37 stepping 2, cmov, cx8, fxsr, mmx, sse, sse2, sse3, ssse3, sse4.1, sse4.2, popcnt, ht

Memory: 4k page, physical 3980600k(245076k free), swap 4036604k(3955320k free)

vm_info: OpenJDK Server VM (20.0-b12) for linux-x86 JRE (1.6.0_24-b24), built on Oct 24 2012 16:30:02 by "buildd" with gcc 4.6.1

time: Sun Dec  2 00:41:15 2012
elapsed time: 0 seconds

