#
# A fatal error has been detected by the Java Runtime Environment:
#
#  Internal Error (classFileParser.cpp:3494), pid=9156, tid=3061431152
#  Error: ShouldNotReachHere()
#
# JRE version: 6.0_24-b24
# Java VM: OpenJDK Server VM (20.0-b12 mixed mode linux-x86 )
# Derivative: IcedTea6 1.11.5
# Distribution: Ubuntu 11.10, package 6b24-1.11.5-0ubuntu1~11.10.1
# If you would like to submit a bug report, please include
# instructions how to reproduce the bug and visit:
#   https://bugs.launchpad.net/ubuntu/+source/openjdk-6/
#

---------------  T H R E A D  ---------------

Current thread (0x0929f400):  JavaThread "Unknown thread" [_thread_in_vm, id=9161, stack(0xb674b000,0xb679c000)]

Stack: [0xb674b000,0xb679c000]
[error occurred during error reporting (printing stack bounds), id 0xb]


[error occurred during error reporting (printing native stack), id 0xb]


---------------  P R O C E S S  ---------------

Java Threads: ( => current thread )

Other Threads:

=>0x0929f400 (exited) JavaThread "Unknown thread" [_thread_in_vm, id=9161, stack(0xb674b000,0xb679c000)]

VM state:not at safepoint (not fully initialized)

VM Mutex/Monitor currently owned by a thread: None

Dynamic libraries:
08048000-08051000 r-xp 00000000 08:06 6428746    /usr/lib/jvm/java-6-openjdk/jre/bin/java
08051000-08052000 r--p 00008000 08:06 6428746    /usr/lib/jvm/java-6-openjdk/jre/bin/java
08052000-08053000 rw-p 00009000 08:06 6428746    /usr/lib/jvm/java-6-openjdk/jre/bin/java
09298000-09302000 rw-p 00000000 00:00 0          [heap]
6e3ec000-6e451000 r--s 004cb000 08:06 7750299    /home/ayvercru/Android SDK/android-sdk-linux/platforms/android-8/android.jar
6e451000-6e452000 ---p 00000000 00:00 0 
6e452000-6e4d2000 rw-p 00000000 00:00 0 
6e4d2000-6e4d3000 ---p 00000000 00:00 0 
6e4d3000-6e553000 rw-p 00000000 00:00 0 
6e553000-6e554000 ---p 00000000 00:00 0 
6e554000-6e5d4000 rw-p 00000000 00:00 0 
6e5d4000-6e5d5000 ---p 00000000 00:00 0 
6e5d5000-6e65d000 rw-p 00000000 00:00 0 
6e65d000-6e695000 rw-p 00000000 00:00 0 
6e695000-6e6aa000 rw-p 00000000 00:00 0 
6e6aa000-6e7d9000 rw-p 00000000 00:00 0 
6e7d9000-6e7e1000 rw-p 00000000 00:00 0 
6e7e1000-6e819000 rw-p 00000000 00:00 0 
6e819000-6e82e000 rw-p 00000000 00:00 0 
6e82e000-6e95d000 rw-p 00000000 00:00 0 
6e95d000-6e968000 rw-p 00000000 00:00 0 
6e968000-6e9ff000 rw-p 00000000 00:00 0 
6e9ff000-6fa00000 rw-p 00000000 00:00 0 
6fa00000-76a00000 rw-p 00000000 00:00 0 
76a00000-79280000 rw-p 00000000 00:00 0 
79280000-9f200000 rw-p 00000000 00:00 0 
9f200000-a0640000 rw-p 00000000 00:00 0 
a0640000-b3600000 rw-p 00000000 00:00 0 
b3607000-b3610000 rw-p 00000000 00:00 0 
b3610000-b36c7000 rw-p 00000000 00:00 0 
b36c7000-b3907000 rwxp 00000000 00:00 0 
b3907000-b66c7000 rw-p 00000000 00:00 0 
b66c7000-b66d2000 r-xp 00000000 08:06 262458     /lib/i386-linux-gnu/libnss_files-2.13.so
b66d2000-b66d3000 r--p 0000a000 08:06 262458     /lib/i386-linux-gnu/libnss_files-2.13.so
b66d3000-b66d4000 rw-p 0000b000 08:06 262458     /lib/i386-linux-gnu/libnss_files-2.13.so
b66d4000-b66de000 r-xp 00000000 08:06 262445     /lib/i386-linux-gnu/libnss_nis-2.13.so
b66de000-b66df000 r--p 00009000 08:06 262445     /lib/i386-linux-gnu/libnss_nis-2.13.so
b66df000-b66e0000 rw-p 0000a000 08:06 262445     /lib/i386-linux-gnu/libnss_nis-2.13.so
b66e0000-b66f5000 r-xp 00000000 08:06 262442     /lib/i386-linux-gnu/libnsl-2.13.so
b66f5000-b66f6000 r--p 00015000 08:06 262442     /lib/i386-linux-gnu/libnsl-2.13.so
b66f6000-b66f7000 rw-p 00016000 08:06 262442     /lib/i386-linux-gnu/libnsl-2.13.so
b66f7000-b66f9000 rw-p 00000000 00:00 0 
b66f9000-b6701000 r-xp 00000000 08:06 262446     /lib/i386-linux-gnu/libnss_compat-2.13.so
b6701000-b6702000 r--p 00007000 08:06 262446     /lib/i386-linux-gnu/libnss_compat-2.13.so
b6702000-b6703000 rw-p 00008000 08:06 262446     /lib/i386-linux-gnu/libnss_compat-2.13.so
b6708000-b670f000 r-xp 00000000 08:06 6566526    /usr/lib/jvm/java-6-openjdk/jre/lib/i386/libzip.so
b670f000-b6710000 r--p 00006000 08:06 6566526    /usr/lib/jvm/java-6-openjdk/jre/lib/i386/libzip.so
b6710000-b6711000 rw-p 00007000 08:06 6566526    /usr/lib/jvm/java-6-openjdk/jre/lib/i386/libzip.so
b6711000-b6719000 rw-s 00000000 08:06 6422586    /tmp/hsperfdata_ayvercru/9156
b6719000-b673f000 r-xp 00000000 08:06 6566553    /usr/lib/jvm/java-6-openjdk/jre/lib/i386/libjava.so
b673f000-b6740000 r--p 00025000 08:06 6566553    /usr/lib/jvm/java-6-openjdk/jre/lib/i386/libjava.so
b6740000-b6742000 rw-p 00026000 08:06 6566553    /usr/lib/jvm/java-6-openjdk/jre/lib/i386/libjava.so
b6742000-b6749000 r-xp 00000000 08:06 262439     /lib/i386-linux-gnu/librt-2.13.so
b6749000-b674a000 r--p 00006000 08:06 262439     /lib/i386-linux-gnu/librt-2.13.so
b674a000-b674b000 rw-p 00007000 08:06 262439     /lib/i386-linux-gnu/librt-2.13.so
b674b000-b674e000 ---p 00000000 00:00 0 
b674e000-b679c000 rw-p 00000000 00:00 0 
b679c000-b67b8000 r-xp 00000000 08:06 262299     /lib/i386-linux-gnu/libgcc_s.so.1
b67b8000-b67b9000 r--p 0001b000 08:06 262299     /lib/i386-linux-gnu/libgcc_s.so.1
b67b9000-b67ba000 rw-p 0001c000 08:06 262299     /lib/i386-linux-gnu/libgcc_s.so.1
b67ba000-b67e2000 r-xp 00000000 08:06 262455     /lib/i386-linux-gnu/libm-2.13.so
b67e2000-b67e3000 r--p 00028000 08:06 262455     /lib/i386-linux-gnu/libm-2.13.so
b67e3000-b67e4000 rw-p 00029000 08:06 262455     /lib/i386-linux-gnu/libm-2.13.so
b67e4000-b68c2000 r-xp 00000000 08:06 3801132    /usr/lib/i386-linux-gnu/libstdc++.so.6.0.16
b68c2000-b68c3000 ---p 000de000 08:06 3801132    /usr/lib/i386-linux-gnu/libstdc++.so.6.0.16
b68c3000-b68c7000 r--p 000de000 08:06 3801132    /usr/lib/i386-linux-gnu/libstdc++.so.6.0.16
b68c7000-b68c8000 rw-p 000e2000 08:06 3801132    /usr/lib/i386-linux-gnu/libstdc++.so.6.0.16
b68c8000-b68cf000 rw-p 00000000 00:00 0 
b68cf000-b70ef000 r-xp 00000000 08:06 6686069    /usr/lib/jvm/java-6-openjdk/jre/lib/i386/server/libjvm.so
b70ef000-b7134000 r--p 0081f000 08:06 6686069    /usr/lib/jvm/java-6-openjdk/jre/lib/i386/server/libjvm.so
b7134000-b7143000 rw-p 00864000 08:06 6686069    /usr/lib/jvm/java-6-openjdk/jre/lib/i386/server/libjvm.so
b7143000-b755f000 rw-p 00000000 00:00 0 
b755f000-b7572000 r-xp 00000000 08:06 263060     /lib/i386-linux-gnu/libz.so.1.2.3.4
b7572000-b7573000 r--p 00012000 08:06 263060     /lib/i386-linux-gnu/libz.so.1.2.3.4
b7573000-b7574000 rw-p 00013000 08:06 263060     /lib/i386-linux-gnu/libz.so.1.2.3.4
b7574000-b76f0000 r-xp 00000000 08:06 262436     /lib/i386-linux-gnu/libc-2.13.so
b76f0000-b76f2000 r--p 0017c000 08:06 262436     /lib/i386-linux-gnu/libc-2.13.so
b76f2000-b76f3000 rw-p 0017e000 08:06 262436     /lib/i386-linux-gnu/libc-2.13.so
b76f3000-b76f6000 rw-p 00000000 00:00 0 
b76f6000-b76f9000 r-xp 00000000 08:06 262453     /lib/i386-linux-gnu/libdl-2.13.so
b76f9000-b76fa000 r--p 00002000 08:06 262453     /lib/i386-linux-gnu/libdl-2.13.so
b76fa000-b76fb000 rw-p 00003000 08:06 262453     /lib/i386-linux-gnu/libdl-2.13.so
b76fb000-b76ff000 r-xp 00000000 08:06 6566547    /usr/lib/jvm/java-6-openjdk/jre/lib/i386/jli/libjli.so
b76ff000-b7700000 r--p 00003000 08:06 6566547    /usr/lib/jvm/java-6-openjdk/jre/lib/i386/jli/libjli.so
b7700000-b7701000 rw-p 00004000 08:06 6566547    /usr/lib/jvm/java-6-openjdk/jre/lib/i386/jli/libjli.so
b7701000-b7702000 rw-p 00000000 00:00 0 
b7702000-b7719000 r-xp 00000000 08:06 262451     /lib/i386-linux-gnu/libpthread-2.13.so
b7719000-b771a000 r--p 00016000 08:06 262451     /lib/i386-linux-gnu/libpthread-2.13.so
b771a000-b771b000 rw-p 00017000 08:06 262451     /lib/i386-linux-gnu/libpthread-2.13.so
b771b000-b771d000 rw-p 00000000 00:00 0 
b7723000-b7724000 rw-p 00000000 00:00 0 
b7724000-b7725000 r--p 00000000 00:00 0 
b7725000-b7730000 r-xp 00000000 08:06 6566533    /usr/lib/jvm/java-6-openjdk/jre/lib/i386/libverify.so
b7730000-b7731000 ---p 0000b000 08:06 6566533    /usr/lib/jvm/java-6-openjdk/jre/lib/i386/libverify.so
b7731000-b7732000 r--p 0000b000 08:06 6566533    /usr/lib/jvm/java-6-openjdk/jre/lib/i386/libverify.so
b7732000-b7733000 rw-p 0000c000 08:06 6566533    /usr/lib/jvm/java-6-openjdk/jre/lib/i386/libverify.so
b7733000-b7735000 rw-p 00000000 00:00 0 
b7735000-b7736000 r-xp 00000000 00:00 0          [vdso]
b7736000-b7754000 r-xp 00000000 08:06 262456     /lib/i386-linux-gnu/ld-2.13.so
b7754000-b7755000 r--p 0001d000 08:06 262456     /lib/i386-linux-gnu/ld-2.13.so
b7755000-b7756000 rw-p 0001e000 08:06 262456     /lib/i386-linux-gnu/ld-2.13.so
bff49000-bff6a000 rw-p 00000000 00:00 0          [stack]

VM Arguments:
jvm_args: -Dfile.encoding=UTF-8 -Xbootclasspath:/home/ayvercru/Android SDK/android-sdk-linux/platforms/android-8/android.jar 
java_command: vub.templates.templateReader
Launcher Type: SUN_STANDARD

Environment Variables:
PATH=/usr/lib/lightdm/lightdm:/usr/local/sbin:/usr/local/bin:/usr/sbin:/usr/bin:/sbin:/bin:/usr/games
USERNAME=ayvercru
LD_LIBRARY_PATH=/usr/lib/jvm/java-6-openjdk/jre/lib/i386/server:/usr/lib/jvm/java-6-openjdk/jre/lib/i386:/usr/lib/jvm/java-6-openjdk/jre/../lib/i386:/usr/lib/jvm/java-6-openjdk/jre/lib/i386/client:/usr/lib/jvm/java-6-openjdk/jre/lib/i386:
SHELL=/bin/zsh
DISPLAY=:0.0

Signal Handlers:
SIGSEGV: [libjvm.so+0x66b840], sa_mask[0]=0x7ffbfeff, sa_flags=0x10000004
SIGBUS: [libjvm.so+0x66b840], sa_mask[0]=0x7ffbfeff, sa_flags=0x10000004
SIGFPE: [libjvm.so+0x52eb20], sa_mask[0]=0x7ffbfeff, sa_flags=0x10000004
SIGPIPE: [libjvm.so+0x52eb20], sa_mask[0]=0x7ffbfeff, sa_flags=0x10000004
SIGXFSZ: [libjvm.so+0x52eb20], sa_mask[0]=0x7ffbfeff, sa_flags=0x10000004
SIGILL: [libjvm.so+0x52eb20], sa_mask[0]=0x7ffbfeff, sa_flags=0x10000004
SIGUSR1: SIG_DFL, sa_mask[0]=0x00000000, sa_flags=0x00000000
SIGUSR2: [libjvm.so+0x52e9b0], sa_mask[0]=0x00000004, sa_flags=0x10000004
SIGHUP: SIG_DFL, sa_mask[0]=0x00000000, sa_flags=0x00000000
SIGINT: SIG_DFL, sa_mask[0]=0x00000000, sa_flags=0x00000000
SIGTERM: SIG_DFL, sa_mask[0]=0x00000000, sa_flags=0x00000000
SIGQUIT: SIG_DFL, sa_mask[0]=0x00000000, sa_flags=0x00000000


---------------  S Y S T E M  ---------------

OS:Ubuntu 11.10 (oneiric)
uname:Linux 3.0.0-27-generic-pae #44-Ubuntu SMP Tue Oct 16 17:13:32 UTC 2012 i686
libc:glibc 2.13 NPTL 2.13 
rlimit: STACK 8192k, CORE 0k, NPROC 30988, NOFILE 4096, AS infinity
load average:1.58 1.60 1.77

/proc/meminfo:
MemTotal:        3980600 kB
MemFree:          233400 kB
Buffers:           18660 kB
Cached:          1963724 kB
SwapCached:        16328 kB
Active:          2095412 kB
Inactive:        1292632 kB
Active(anon):    1112064 kB
Inactive(anon):   323848 kB
Active(file):     983348 kB
Inactive(file):   968784 kB
Unevictable:          48 kB
Mlocked:              48 kB
HighTotal:       3131896 kB
HighFree:          43800 kB
LowTotal:         848704 kB
LowFree:          189600 kB
SwapTotal:       4036604 kB
SwapFree:        3949376 kB
Dirty:             22012 kB
Writeback:             0 kB
AnonPages:       1392764 kB
Mapped:           126260 kB
Shmem:             30008 kB
Slab:              74900 kB
SReclaimable:      52392 kB
SUnreclaim:        22508 kB
KernelStack:        4048 kB
PageTables:        14912 kB
NFS_Unstable:          0 kB
Bounce:                0 kB
WritebackTmp:          0 kB
CommitLimit:     6026904 kB
Committed_AS:    4127436 kB
VmallocTotal:     122880 kB
VmallocUsed:       27244 kB
VmallocChunk:      77248 kB
HardwareCorrupted:     0 kB
AnonHugePages:         0 kB
HugePages_Total:       0
HugePages_Free:        0
HugePages_Rsvd:        0
HugePages_Surp:        0
Hugepagesize:       2048 kB
DirectMap4k:       26616 kB
DirectMap2M:      886784 kB


CPU:total 4 (2 cores per cpu, 2 threads per core) family 6 model 37 stepping 2, cmov, cx8, fxsr, mmx, sse, sse2, sse3, ssse3, sse4.1, sse4.2, popcnt, ht

Memory: 4k page, physical 3980600k(233400k free), swap 4036604k(3949376k free)

vm_info: OpenJDK Server VM (20.0-b12) for linux-x86 JRE (1.6.0_24-b24), built on Oct 24 2012 16:30:02 by "buildd" with gcc 4.6.1

time: Sun Dec  2 00:47:26 2012
elapsed time: 0 seconds

