\BOOKMARK [0][-]{chapter.1}{Introduction}{}
\BOOKMARK [1][-]{section.1.1}{Goal}{chapter.1}
\BOOKMARK [1][-]{section.1.2}{Scope}{chapter.1}
\BOOKMARK [1][-]{section.1.3}{Definitions and Acronyms}{chapter.1}
\BOOKMARK [0][-]{chapter.2}{Implementation}{}
\BOOKMARK [1][-]{section.2.1}{Used Software}{chapter.2}
\BOOKMARK [2][-]{subsection.2.1.1}{AmbientTalk}{section.2.1}
\BOOKMARK [2][-]{subsection.2.1.2}{Google Android}{section.2.1}
\BOOKMARK [2][-]{subsection.2.1.3}{MT4j}{section.2.1}
\BOOKMARK [0][-]{chapter.3}{Implementation Details}{}
\BOOKMARK [1][-]{section.3.1}{ASTs}{chapter.3}
\BOOKMARK [1][-]{section.3.2}{Templates}{chapter.3}
\BOOKMARK [1][-]{section.3.3}{Interface}{chapter.3}
\BOOKMARK [2][-]{subsection.3.3.1}{Rendering of nodes}{section.3.3}
\BOOKMARK [2][-]{subsection.3.3.2}{Buttons}{section.3.3}
\BOOKMARK [2][-]{subsection.3.3.3}{Gestures}{section.3.3}
\BOOKMARK [1][-]{section.3.4}{Evaluating code}{chapter.3}
\BOOKMARK [0][-]{chapter.4}{Reflection and future work}{}
\BOOKMARK [1][-]{section.4.1}{Reflection}{chapter.4}
\BOOKMARK [2][-]{subsection.4.1.1}{Project}{section.4.1}
\BOOKMARK [2][-]{subsection.4.1.2}{Used software}{section.4.1}
\BOOKMARK [1][-]{section.4.2}{Future work}{chapter.4}
\BOOKMARK [0][-]{chapter.5}{Bibliography}{}
